# compute-mfcc-feats --verbose=2 --config=conf/mfcc.conf scp,p:exp_FG/make_mfcc/train/wav_train.1.scp ark:- | copy-feats --compress=true ark:- ark,scp:/home/himin/Desktop/kaldi/egs/XiaDan/mfcc/raw_mfcc_train.1.ark,/home/himin/Desktop/kaldi/egs/XiaDan/mfcc/raw_mfcc_train.1.scp 
# Started at Fri Mar 30 10:58:56 CST 2018
#
copy-feats --compress=true ark:- ark,scp:/home/himin/Desktop/kaldi/egs/XiaDan/mfcc/raw_mfcc_train.1.ark,/home/himin/Desktop/kaldi/egs/XiaDan/mfcc/raw_mfcc_train.1.scp 
compute-mfcc-feats --verbose=2 --config=conf/mfcc.conf scp,p:exp_FG/make_mfcc/train/wav_train.1.scp ark:- 
VLOG[2] (compute-mfcc-feats[5.3.76~1-26df3]:main():compute-mfcc-feats.cc:173) Processed features for key zh1101M0001
VLOG[2] (compute-mfcc-feats[5.3.76~1-26df3]:main():compute-mfcc-feats.cc:173) Processed features for key zh1101M0002
VLOG[2] (compute-mfcc-feats[5.3.76~1-26df3]:main():compute-mfcc-feats.cc:173) Processed features for key zh1101M0003
VLOG[2] (compute-mfcc-feats[5.3.76~1-26df3]:main():compute-mfcc-feats.cc:173) Processed features for key zh1101M0004
VLOG[2] (compute-mfcc-feats[5.3.76~1-26df3]:main():compute-mfcc-feats.cc:173) Processed features for key zh1101M0005
VLOG[2] (compute-mfcc-feats[5.3.76~1-26df3]:main():compute-mfcc-feats.cc:173) Processed features for key zh1101M0006
VLOG[2] (compute-mfcc-feats[5.3.76~1-26df3]:main():compute-mfcc-feats.cc:173) Processed features for key zh1101M0007
VLOG[2] (compute-mfcc-feats[5.3.76~1-26df3]:main():compute-mfcc-feats.cc:173) Processed features for key zh1101M0008
VLOG[2] (compute-mfcc-feats[5.3.76~1-26df3]:main():compute-mfcc-feats.cc:173) Processed features for key zh1101M0009
LOG (compute-mfcc-feats[5.3.76~1-26df3]:main():compute-mfcc-feats.cc:172) Processed 10 utterances
VLOG[2] (compute-mfcc-feats[5.3.76~1-26df3]:main():compute-mfcc-feats.cc:173) Processed features for key zh1101M0010
VLOG[2] (compute-mfcc-feats[5.3.76~1-26df3]:main():compute-mfcc-feats.cc:173) Processed features for key zh1101M0011
VLOG[2] (compute-mfcc-feats[5.3.76~1-26df3]:main():compute-mfcc-feats.cc:173) Processed features for key zh1101M0012
VLOG[2] (compute-mfcc-feats[5.3.76~1-26df3]:main():compute-mfcc-feats.cc:173) Processed features for key zh1101M0013
VLOG[2] (compute-mfcc-feats[5.3.76~1-26df3]:main():compute-mfcc-feats.cc:173) Processed features for key zh1101M0014
VLOG[2] (compute-mfcc-feats[5.3.76~1-26df3]:main():compute-mfcc-feats.cc:173) Processed features for key zh1101M0015
VLOG[2] (compute-mfcc-feats[5.3.76~1-26df3]:main():compute-mfcc-feats.cc:173) Processed features for key zh1101M0016
VLOG[2] (compute-mfcc-feats[5.3.76~1-26df3]:main():compute-mfcc-feats.cc:173) Processed features for key zh1101M0017
VLOG[2] (compute-mfcc-feats[5.3.76~1-26df3]:main():compute-mfcc-feats.cc:173) Processed features for key zh1101M0018
VLOG[2] (compute-mfcc-feats[5.3.76~1-26df3]:main():compute-mfcc-feats.cc:173) Processed features for key zh1101M0019
LOG (compute-mfcc-feats[5.3.76~1-26df3]:main():compute-mfcc-feats.cc:172) Processed 20 utterances
VLOG[2] (compute-mfcc-feats[5.3.76~1-26df3]:main():compute-mfcc-feats.cc:173) Processed features for key zh1101M0020
VLOG[2] (compute-mfcc-feats[5.3.76~1-26df3]:main():compute-mfcc-feats.cc:173) Processed features for key zh1101M0021
VLOG[2] (compute-mfcc-feats[5.3.76~1-26df3]:main():compute-mfcc-feats.cc:173) Processed features for key zh1101M0022
VLOG[2] (compute-mfcc-feats[5.3.76~1-26df3]:main():compute-mfcc-feats.cc:173) Processed features for key zh1101M0023
VLOG[2] (compute-mfcc-feats[5.3.76~1-26df3]:main():compute-mfcc-feats.cc:173) Processed features for key zh1101M0024
VLOG[2] (compute-mfcc-feats[5.3.76~1-26df3]:main():compute-mfcc-feats.cc:173) Processed features for key zh1101M0025
VLOG[2] (compute-mfcc-feats[5.3.76~1-26df3]:main():compute-mfcc-feats.cc:173) Processed features for key zh1101M0026
VLOG[2] (compute-mfcc-feats[5.3.76~1-26df3]:main():compute-mfcc-feats.cc:173) Processed features for key zh1101M0027
VLOG[2] (compute-mfcc-feats[5.3.76~1-26df3]:main():compute-mfcc-feats.cc:173) Processed features for key zh1101M0028
VLOG[2] (compute-mfcc-feats[5.3.76~1-26df3]:main():compute-mfcc-feats.cc:173) Processed features for key zh1101M0029
LOG (compute-mfcc-feats[5.3.76~1-26df3]:main():compute-mfcc-feats.cc:172) Processed 30 utterances
VLOG[2] (compute-mfcc-feats[5.3.76~1-26df3]:main():compute-mfcc-feats.cc:173) Processed features for key zh1101M0030
VLOG[2] (compute-mfcc-feats[5.3.76~1-26df3]:main():compute-mfcc-feats.cc:173) Processed features for key zh1101M0031
VLOG[2] (compute-mfcc-feats[5.3.76~1-26df3]:main():compute-mfcc-feats.cc:173) Processed features for key zh1102M0001
VLOG[2] (compute-mfcc-feats[5.3.76~1-26df3]:main():compute-mfcc-feats.cc:173) Processed features for key zh1102M0002
VLOG[2] (compute-mfcc-feats[5.3.76~1-26df3]:main():compute-mfcc-feats.cc:173) Processed features for key zh1102M0003
VLOG[2] (compute-mfcc-feats[5.3.76~1-26df3]:main():compute-mfcc-feats.cc:173) Processed features for key zh1102M0004
VLOG[2] (compute-mfcc-feats[5.3.76~1-26df3]:main():compute-mfcc-feats.cc:173) Processed features for key zh1102M0005
VLOG[2] (compute-mfcc-feats[5.3.76~1-26df3]:main():compute-mfcc-feats.cc:173) Processed features for key zh1102M0006
VLOG[2] (compute-mfcc-feats[5.3.76~1-26df3]:main():compute-mfcc-feats.cc:173) Processed features for key zh1102M0007
VLOG[2] (compute-mfcc-feats[5.3.76~1-26df3]:main():compute-mfcc-feats.cc:173) Processed features for key zh1102M0008
LOG (compute-mfcc-feats[5.3.76~1-26df3]:main():compute-mfcc-feats.cc:172) Processed 40 utterances
VLOG[2] (compute-mfcc-feats[5.3.76~1-26df3]:main():compute-mfcc-feats.cc:173) Processed features for key zh1102M0009
VLOG[2] (compute-mfcc-feats[5.3.76~1-26df3]:main():compute-mfcc-feats.cc:173) Processed features for key zh1102M0010
VLOG[2] (compute-mfcc-feats[5.3.76~1-26df3]:main():compute-mfcc-feats.cc:173) Processed features for key zh1102M0011
VLOG[2] (compute-mfcc-feats[5.3.76~1-26df3]:main():compute-mfcc-feats.cc:173) Processed features for key zh1102M0012
VLOG[2] (compute-mfcc-feats[5.3.76~1-26df3]:main():compute-mfcc-feats.cc:173) Processed features for key zh1102M0013
VLOG[2] (compute-mfcc-feats[5.3.76~1-26df3]:main():compute-mfcc-feats.cc:173) Processed features for key zh1102M0014
VLOG[2] (compute-mfcc-feats[5.3.76~1-26df3]:main():compute-mfcc-feats.cc:173) Processed features for key zh1102M0015
VLOG[2] (compute-mfcc-feats[5.3.76~1-26df3]:main():compute-mfcc-feats.cc:173) Processed features for key zh1102M0016
VLOG[2] (compute-mfcc-feats[5.3.76~1-26df3]:main():compute-mfcc-feats.cc:173) Processed features for key zh1102M0017
VLOG[2] (compute-mfcc-feats[5.3.76~1-26df3]:main():compute-mfcc-feats.cc:173) Processed features for key zh1102M0018
LOG (compute-mfcc-feats[5.3.76~1-26df3]:main():compute-mfcc-feats.cc:172) Processed 50 utterances
VLOG[2] (compute-mfcc-feats[5.3.76~1-26df3]:main():compute-mfcc-feats.cc:173) Processed features for key zh1102M0019
VLOG[2] (compute-mfcc-feats[5.3.76~1-26df3]:main():compute-mfcc-feats.cc:173) Processed features for key zh1102M0020
VLOG[2] (compute-mfcc-feats[5.3.76~1-26df3]:main():compute-mfcc-feats.cc:173) Processed features for key zh1102M0021
VLOG[2] (compute-mfcc-feats[5.3.76~1-26df3]:main():compute-mfcc-feats.cc:173) Processed features for key zh1102M0022
VLOG[2] (compute-mfcc-feats[5.3.76~1-26df3]:main():compute-mfcc-feats.cc:173) Processed features for key zh1102M0023
VLOG[2] (compute-mfcc-feats[5.3.76~1-26df3]:main():compute-mfcc-feats.cc:173) Processed features for key zh1102M0024
VLOG[2] (compute-mfcc-feats[5.3.76~1-26df3]:main():compute-mfcc-feats.cc:173) Processed features for key zh1102M0025
LOG (compute-mfcc-feats[5.3.76~1-26df3]:main():compute-mfcc-feats.cc:176)  Done 56 out of 56 utterances.
LOG (copy-feats[5.3.76~1-26df3]:main():copy-feats.cc:143) Copied 56 feature matrices.
# Accounting: time=3 threads=1
# Ended (code 0) at Fri Mar 30 10:58:59 CST 2018, elapsed time 3 seconds
