# compute-mfcc-feats --verbose=2 --config=conf/mfcc.conf scp,p:exp_FG/make_mfcc/train/wav_train.2.scp ark:- | copy-feats --compress=true ark:- ark,scp:/home/himin/Desktop/kaldi/egs/XiaDan/mfcc/raw_mfcc_train.2.ark,/home/himin/Desktop/kaldi/egs/XiaDan/mfcc/raw_mfcc_train.2.scp 
# Started at Fri Mar 30 10:58:56 CST 2018
#
copy-feats --compress=true ark:- ark,scp:/home/himin/Desktop/kaldi/egs/XiaDan/mfcc/raw_mfcc_train.2.ark,/home/himin/Desktop/kaldi/egs/XiaDan/mfcc/raw_mfcc_train.2.scp 
compute-mfcc-feats --verbose=2 --config=conf/mfcc.conf scp,p:exp_FG/make_mfcc/train/wav_train.2.scp ark:- 
VLOG[2] (compute-mfcc-feats[5.3.76~1-26df3]:main():compute-mfcc-feats.cc:173) Processed features for key zh1102M0026
VLOG[2] (compute-mfcc-feats[5.3.76~1-26df3]:main():compute-mfcc-feats.cc:173) Processed features for key zh1102M0027
VLOG[2] (compute-mfcc-feats[5.3.76~1-26df3]:main():compute-mfcc-feats.cc:173) Processed features for key zh1102M0028
VLOG[2] (compute-mfcc-feats[5.3.76~1-26df3]:main():compute-mfcc-feats.cc:173) Processed features for key zh1102M0029
VLOG[2] (compute-mfcc-feats[5.3.76~1-26df3]:main():compute-mfcc-feats.cc:173) Processed features for key zh1102M0030
VLOG[2] (compute-mfcc-feats[5.3.76~1-26df3]:main():compute-mfcc-feats.cc:173) Processed features for key zh1102M0031
VLOG[2] (compute-mfcc-feats[5.3.76~1-26df3]:main():compute-mfcc-feats.cc:173) Processed features for key zh1103M0001
VLOG[2] (compute-mfcc-feats[5.3.76~1-26df3]:main():compute-mfcc-feats.cc:173) Processed features for key zh1103M0002
VLOG[2] (compute-mfcc-feats[5.3.76~1-26df3]:main():compute-mfcc-feats.cc:173) Processed features for key zh1103M0003
LOG (compute-mfcc-feats[5.3.76~1-26df3]:main():compute-mfcc-feats.cc:172) Processed 10 utterances
VLOG[2] (compute-mfcc-feats[5.3.76~1-26df3]:main():compute-mfcc-feats.cc:173) Processed features for key zh1103M0004
VLOG[2] (compute-mfcc-feats[5.3.76~1-26df3]:main():compute-mfcc-feats.cc:173) Processed features for key zh1103M0005
VLOG[2] (compute-mfcc-feats[5.3.76~1-26df3]:main():compute-mfcc-feats.cc:173) Processed features for key zh1103M0006
VLOG[2] (compute-mfcc-feats[5.3.76~1-26df3]:main():compute-mfcc-feats.cc:173) Processed features for key zh1103M0007
VLOG[2] (compute-mfcc-feats[5.3.76~1-26df3]:main():compute-mfcc-feats.cc:173) Processed features for key zh1103M0008
VLOG[2] (compute-mfcc-feats[5.3.76~1-26df3]:main():compute-mfcc-feats.cc:173) Processed features for key zh1103M0009
VLOG[2] (compute-mfcc-feats[5.3.76~1-26df3]:main():compute-mfcc-feats.cc:173) Processed features for key zh1103M0010
VLOG[2] (compute-mfcc-feats[5.3.76~1-26df3]:main():compute-mfcc-feats.cc:173) Processed features for key zh1103M0011
VLOG[2] (compute-mfcc-feats[5.3.76~1-26df3]:main():compute-mfcc-feats.cc:173) Processed features for key zh1103M0012
VLOG[2] (compute-mfcc-feats[5.3.76~1-26df3]:main():compute-mfcc-feats.cc:173) Processed features for key zh1103M0013
LOG (compute-mfcc-feats[5.3.76~1-26df3]:main():compute-mfcc-feats.cc:172) Processed 20 utterances
VLOG[2] (compute-mfcc-feats[5.3.76~1-26df3]:main():compute-mfcc-feats.cc:173) Processed features for key zh1103M0014
VLOG[2] (compute-mfcc-feats[5.3.76~1-26df3]:main():compute-mfcc-feats.cc:173) Processed features for key zh1103M0015
VLOG[2] (compute-mfcc-feats[5.3.76~1-26df3]:main():compute-mfcc-feats.cc:173) Processed features for key zh1103M0016
VLOG[2] (compute-mfcc-feats[5.3.76~1-26df3]:main():compute-mfcc-feats.cc:173) Processed features for key zh1103M0017
VLOG[2] (compute-mfcc-feats[5.3.76~1-26df3]:main():compute-mfcc-feats.cc:173) Processed features for key zh1103M0018
VLOG[2] (compute-mfcc-feats[5.3.76~1-26df3]:main():compute-mfcc-feats.cc:173) Processed features for key zh1103M0019
VLOG[2] (compute-mfcc-feats[5.3.76~1-26df3]:main():compute-mfcc-feats.cc:173) Processed features for key zh1103M0020
VLOG[2] (compute-mfcc-feats[5.3.76~1-26df3]:main():compute-mfcc-feats.cc:173) Processed features for key zh1103M0021
VLOG[2] (compute-mfcc-feats[5.3.76~1-26df3]:main():compute-mfcc-feats.cc:173) Processed features for key zh1103M0022
VLOG[2] (compute-mfcc-feats[5.3.76~1-26df3]:main():compute-mfcc-feats.cc:173) Processed features for key zh1103M0023
LOG (compute-mfcc-feats[5.3.76~1-26df3]:main():compute-mfcc-feats.cc:172) Processed 30 utterances
VLOG[2] (compute-mfcc-feats[5.3.76~1-26df3]:main():compute-mfcc-feats.cc:173) Processed features for key zh1103M0024
VLOG[2] (compute-mfcc-feats[5.3.76~1-26df3]:main():compute-mfcc-feats.cc:173) Processed features for key zh1103M0025
VLOG[2] (compute-mfcc-feats[5.3.76~1-26df3]:main():compute-mfcc-feats.cc:173) Processed features for key zh1103M0026
VLOG[2] (compute-mfcc-feats[5.3.76~1-26df3]:main():compute-mfcc-feats.cc:173) Processed features for key zh1103M0027
VLOG[2] (compute-mfcc-feats[5.3.76~1-26df3]:main():compute-mfcc-feats.cc:173) Processed features for key zh1103M0028
VLOG[2] (compute-mfcc-feats[5.3.76~1-26df3]:main():compute-mfcc-feats.cc:173) Processed features for key zh1103M0029
VLOG[2] (compute-mfcc-feats[5.3.76~1-26df3]:main():compute-mfcc-feats.cc:173) Processed features for key zh1103M0030
VLOG[2] (compute-mfcc-feats[5.3.76~1-26df3]:main():compute-mfcc-feats.cc:173) Processed features for key zh1103M0031
VLOG[2] (compute-mfcc-feats[5.3.76~1-26df3]:main():compute-mfcc-feats.cc:173) Processed features for key zh1104M0001
VLOG[2] (compute-mfcc-feats[5.3.76~1-26df3]:main():compute-mfcc-feats.cc:173) Processed features for key zh1104M0002
LOG (compute-mfcc-feats[5.3.76~1-26df3]:main():compute-mfcc-feats.cc:172) Processed 40 utterances
VLOG[2] (compute-mfcc-feats[5.3.76~1-26df3]:main():compute-mfcc-feats.cc:173) Processed features for key zh1104M0003
VLOG[2] (compute-mfcc-feats[5.3.76~1-26df3]:main():compute-mfcc-feats.cc:173) Processed features for key zh1104M0004
VLOG[2] (compute-mfcc-feats[5.3.76~1-26df3]:main():compute-mfcc-feats.cc:173) Processed features for key zh1104M0005
VLOG[2] (compute-mfcc-feats[5.3.76~1-26df3]:main():compute-mfcc-feats.cc:173) Processed features for key zh1104M0006
VLOG[2] (compute-mfcc-feats[5.3.76~1-26df3]:main():compute-mfcc-feats.cc:173) Processed features for key zh1104M0007
VLOG[2] (compute-mfcc-feats[5.3.76~1-26df3]:main():compute-mfcc-feats.cc:173) Processed features for key zh1104M0008
VLOG[2] (compute-mfcc-feats[5.3.76~1-26df3]:main():compute-mfcc-feats.cc:173) Processed features for key zh1104M0009
VLOG[2] (compute-mfcc-feats[5.3.76~1-26df3]:main():compute-mfcc-feats.cc:173) Processed features for key zh1104M0010
VLOG[2] (compute-mfcc-feats[5.3.76~1-26df3]:main():compute-mfcc-feats.cc:173) Processed features for key zh1104M0011
VLOG[2] (compute-mfcc-feats[5.3.76~1-26df3]:main():compute-mfcc-feats.cc:173) Processed features for key zh1104M0012
LOG (compute-mfcc-feats[5.3.76~1-26df3]:main():compute-mfcc-feats.cc:172) Processed 50 utterances
VLOG[2] (compute-mfcc-feats[5.3.76~1-26df3]:main():compute-mfcc-feats.cc:173) Processed features for key zh1104M0013
VLOG[2] (compute-mfcc-feats[5.3.76~1-26df3]:main():compute-mfcc-feats.cc:173) Processed features for key zh1104M0014
VLOG[2] (compute-mfcc-feats[5.3.76~1-26df3]:main():compute-mfcc-feats.cc:173) Processed features for key zh1104M0015
VLOG[2] (compute-mfcc-feats[5.3.76~1-26df3]:main():compute-mfcc-feats.cc:173) Processed features for key zh1104M0016
VLOG[2] (compute-mfcc-feats[5.3.76~1-26df3]:main():compute-mfcc-feats.cc:173) Processed features for key zh1104M0017
VLOG[2] (compute-mfcc-feats[5.3.76~1-26df3]:main():compute-mfcc-feats.cc:173) Processed features for key zh1104M0018
VLOG[2] (compute-mfcc-feats[5.3.76~1-26df3]:main():compute-mfcc-feats.cc:173) Processed features for key zh1104M0019
LOG (compute-mfcc-feats[5.3.76~1-26df3]:main():compute-mfcc-feats.cc:176)  Done 56 out of 56 utterances.
LOG (copy-feats[5.3.76~1-26df3]:main():copy-feats.cc:143) Copied 56 feature matrices.
# Accounting: time=3 threads=1
# Ended (code 0) at Fri Mar 30 10:58:59 CST 2018, elapsed time 3 seconds
