# compute-mfcc-feats --verbose=2 --config=conf/mfcc.conf scp,p:exp_FG/make_mfcc/train/wav_train.9.scp ark:- | copy-feats --compress=true ark:- ark,scp:/home/himin/Desktop/kaldi/egs/XiaDan/mfcc/raw_mfcc_train.9.ark,/home/himin/Desktop/kaldi/egs/XiaDan/mfcc/raw_mfcc_train.9.scp 
# Started at Fri Mar 30 10:59:05 CST 2018
#
copy-feats --compress=true ark:- ark,scp:/home/himin/Desktop/kaldi/egs/XiaDan/mfcc/raw_mfcc_train.9.ark,/home/himin/Desktop/kaldi/egs/XiaDan/mfcc/raw_mfcc_train.9.scp 
compute-mfcc-feats --verbose=2 --config=conf/mfcc.conf scp,p:exp_FG/make_mfcc/train/wav_train.9.scp ark:- 
VLOG[2] (compute-mfcc-feats[5.3.76~1-26df3]:main():compute-mfcc-feats.cc:173) Processed features for key zh1115M0015
VLOG[2] (compute-mfcc-feats[5.3.76~1-26df3]:main():compute-mfcc-feats.cc:173) Processed features for key zh1115M0016
VLOG[2] (compute-mfcc-feats[5.3.76~1-26df3]:main():compute-mfcc-feats.cc:173) Processed features for key zh1115M0017
VLOG[2] (compute-mfcc-feats[5.3.76~1-26df3]:main():compute-mfcc-feats.cc:173) Processed features for key zh1115M0018
VLOG[2] (compute-mfcc-feats[5.3.76~1-26df3]:main():compute-mfcc-feats.cc:173) Processed features for key zh1115M0019
VLOG[2] (compute-mfcc-feats[5.3.76~1-26df3]:main():compute-mfcc-feats.cc:173) Processed features for key zh1115M0020
VLOG[2] (compute-mfcc-feats[5.3.76~1-26df3]:main():compute-mfcc-feats.cc:173) Processed features for key zh1115M0021
VLOG[2] (compute-mfcc-feats[5.3.76~1-26df3]:main():compute-mfcc-feats.cc:173) Processed features for key zh1115M0022
VLOG[2] (compute-mfcc-feats[5.3.76~1-26df3]:main():compute-mfcc-feats.cc:173) Processed features for key zh1115M0023
LOG (compute-mfcc-feats[5.3.76~1-26df3]:main():compute-mfcc-feats.cc:172) Processed 10 utterances
VLOG[2] (compute-mfcc-feats[5.3.76~1-26df3]:main():compute-mfcc-feats.cc:173) Processed features for key zh1115M0024
VLOG[2] (compute-mfcc-feats[5.3.76~1-26df3]:main():compute-mfcc-feats.cc:173) Processed features for key zh1115M0025
VLOG[2] (compute-mfcc-feats[5.3.76~1-26df3]:main():compute-mfcc-feats.cc:173) Processed features for key zh1115M0026
VLOG[2] (compute-mfcc-feats[5.3.76~1-26df3]:main():compute-mfcc-feats.cc:173) Processed features for key zh1115M0027
VLOG[2] (compute-mfcc-feats[5.3.76~1-26df3]:main():compute-mfcc-feats.cc:173) Processed features for key zh1115M0028
VLOG[2] (compute-mfcc-feats[5.3.76~1-26df3]:main():compute-mfcc-feats.cc:173) Processed features for key zh1115M0029
VLOG[2] (compute-mfcc-feats[5.3.76~1-26df3]:main():compute-mfcc-feats.cc:173) Processed features for key zh1115M0030
VLOG[2] (compute-mfcc-feats[5.3.76~1-26df3]:main():compute-mfcc-feats.cc:173) Processed features for key zh1115M0031
VLOG[2] (compute-mfcc-feats[5.3.76~1-26df3]:main():compute-mfcc-feats.cc:173) Processed features for key zh1116M0001
VLOG[2] (compute-mfcc-feats[5.3.76~1-26df3]:main():compute-mfcc-feats.cc:173) Processed features for key zh1116M0002
LOG (compute-mfcc-feats[5.3.76~1-26df3]:main():compute-mfcc-feats.cc:172) Processed 20 utterances
VLOG[2] (compute-mfcc-feats[5.3.76~1-26df3]:main():compute-mfcc-feats.cc:173) Processed features for key zh1116M0003
VLOG[2] (compute-mfcc-feats[5.3.76~1-26df3]:main():compute-mfcc-feats.cc:173) Processed features for key zh1116M0004
VLOG[2] (compute-mfcc-feats[5.3.76~1-26df3]:main():compute-mfcc-feats.cc:173) Processed features for key zh1116M0005
VLOG[2] (compute-mfcc-feats[5.3.76~1-26df3]:main():compute-mfcc-feats.cc:173) Processed features for key zh1116M0006
VLOG[2] (compute-mfcc-feats[5.3.76~1-26df3]:main():compute-mfcc-feats.cc:173) Processed features for key zh1116M0007
VLOG[2] (compute-mfcc-feats[5.3.76~1-26df3]:main():compute-mfcc-feats.cc:173) Processed features for key zh1116M0008
VLOG[2] (compute-mfcc-feats[5.3.76~1-26df3]:main():compute-mfcc-feats.cc:173) Processed features for key zh1116M0009
VLOG[2] (compute-mfcc-feats[5.3.76~1-26df3]:main():compute-mfcc-feats.cc:173) Processed features for key zh1116M0010
VLOG[2] (compute-mfcc-feats[5.3.76~1-26df3]:main():compute-mfcc-feats.cc:173) Processed features for key zh1116M0011
VLOG[2] (compute-mfcc-feats[5.3.76~1-26df3]:main():compute-mfcc-feats.cc:173) Processed features for key zh1116M0012
LOG (compute-mfcc-feats[5.3.76~1-26df3]:main():compute-mfcc-feats.cc:172) Processed 30 utterances
VLOG[2] (compute-mfcc-feats[5.3.76~1-26df3]:main():compute-mfcc-feats.cc:173) Processed features for key zh1116M0013
VLOG[2] (compute-mfcc-feats[5.3.76~1-26df3]:main():compute-mfcc-feats.cc:173) Processed features for key zh1116M0014
VLOG[2] (compute-mfcc-feats[5.3.76~1-26df3]:main():compute-mfcc-feats.cc:173) Processed features for key zh1116M0015
VLOG[2] (compute-mfcc-feats[5.3.76~1-26df3]:main():compute-mfcc-feats.cc:173) Processed features for key zh1116M0016
VLOG[2] (compute-mfcc-feats[5.3.76~1-26df3]:main():compute-mfcc-feats.cc:173) Processed features for key zh1116M0017
VLOG[2] (compute-mfcc-feats[5.3.76~1-26df3]:main():compute-mfcc-feats.cc:173) Processed features for key zh1116M0018
VLOG[2] (compute-mfcc-feats[5.3.76~1-26df3]:main():compute-mfcc-feats.cc:173) Processed features for key zh1116M0019
VLOG[2] (compute-mfcc-feats[5.3.76~1-26df3]:main():compute-mfcc-feats.cc:173) Processed features for key zh1116M0020
VLOG[2] (compute-mfcc-feats[5.3.76~1-26df3]:main():compute-mfcc-feats.cc:173) Processed features for key zh1116M0021
VLOG[2] (compute-mfcc-feats[5.3.76~1-26df3]:main():compute-mfcc-feats.cc:173) Processed features for key zh1116M0022
LOG (compute-mfcc-feats[5.3.76~1-26df3]:main():compute-mfcc-feats.cc:172) Processed 40 utterances
VLOG[2] (compute-mfcc-feats[5.3.76~1-26df3]:main():compute-mfcc-feats.cc:173) Processed features for key zh1116M0023
VLOG[2] (compute-mfcc-feats[5.3.76~1-26df3]:main():compute-mfcc-feats.cc:173) Processed features for key zh1116M0024
VLOG[2] (compute-mfcc-feats[5.3.76~1-26df3]:main():compute-mfcc-feats.cc:173) Processed features for key zh1116M0025
VLOG[2] (compute-mfcc-feats[5.3.76~1-26df3]:main():compute-mfcc-feats.cc:173) Processed features for key zh1116M0026
VLOG[2] (compute-mfcc-feats[5.3.76~1-26df3]:main():compute-mfcc-feats.cc:173) Processed features for key zh1116M0027
VLOG[2] (compute-mfcc-feats[5.3.76~1-26df3]:main():compute-mfcc-feats.cc:173) Processed features for key zh1116M0028
VLOG[2] (compute-mfcc-feats[5.3.76~1-26df3]:main():compute-mfcc-feats.cc:173) Processed features for key zh1116M0029
VLOG[2] (compute-mfcc-feats[5.3.76~1-26df3]:main():compute-mfcc-feats.cc:173) Processed features for key zh1116M0030
VLOG[2] (compute-mfcc-feats[5.3.76~1-26df3]:main():compute-mfcc-feats.cc:173) Processed features for key zh1116M0031
VLOG[2] (compute-mfcc-feats[5.3.76~1-26df3]:main():compute-mfcc-feats.cc:173) Processed features for key zh1117M0001
LOG (compute-mfcc-feats[5.3.76~1-26df3]:main():compute-mfcc-feats.cc:172) Processed 50 utterances
VLOG[2] (compute-mfcc-feats[5.3.76~1-26df3]:main():compute-mfcc-feats.cc:173) Processed features for key zh1117M0002
VLOG[2] (compute-mfcc-feats[5.3.76~1-26df3]:main():compute-mfcc-feats.cc:173) Processed features for key zh1117M0003
VLOG[2] (compute-mfcc-feats[5.3.76~1-26df3]:main():compute-mfcc-feats.cc:173) Processed features for key zh1117M0004
VLOG[2] (compute-mfcc-feats[5.3.76~1-26df3]:main():compute-mfcc-feats.cc:173) Processed features for key zh1117M0005
VLOG[2] (compute-mfcc-feats[5.3.76~1-26df3]:main():compute-mfcc-feats.cc:173) Processed features for key zh1117M0006
VLOG[2] (compute-mfcc-feats[5.3.76~1-26df3]:main():compute-mfcc-feats.cc:173) Processed features for key zh1117M0007
LOG (compute-mfcc-feats[5.3.76~1-26df3]:main():compute-mfcc-feats.cc:176)  Done 55 out of 55 utterances.
LOG (copy-feats[5.3.76~1-26df3]:main():copy-feats.cc:143) Copied 55 feature matrices.
# Accounting: time=1 threads=1
# Ended (code 0) at Fri Mar 30 10:59:06 CST 2018, elapsed time 1 seconds
