# nnet-subset-egs --n=2000 --randomize-order=true --srand=0 ark:exp_FG/DNN_tri_8_2000_aligned_layer3_nodes256/egs/train_diagnostic.egs ark:- | nnet-combine-fast --use-gpu=no --num-threads=16 --verbose=3 --minibatch-size=125 exp_FG/DNN_tri_8_2000_aligned_layer3_nodes256/1.mdl ark:- exp_FG/DNN_tri_8_2000_aligned_layer3_nodes256/1.mdl 
# Started at Fri Mar 30 11:05:24 CST 2018
#
nnet-subset-egs --n=2000 --randomize-order=true --srand=0 ark:exp_FG/DNN_tri_8_2000_aligned_layer3_nodes256/egs/train_diagnostic.egs ark:- 
nnet-combine-fast --use-gpu=no --num-threads=16 --verbose=3 --minibatch-size=125 exp_FG/DNN_tri_8_2000_aligned_layer3_nodes256/1.mdl ark:- exp_FG/DNN_tri_8_2000_aligned_layer3_nodes256/1.mdl 
LOG (nnet-subset-egs[5.3.76~1-26df3]:main():nnet-subset-egs.cc:92) Selected a subset of 2000 out of 4000 neural-network training examples 
LOG (nnet-combine-fast[5.3.76~1-26df3]:main():nnet-combine-fast.cc:108) Read 2000 examples from the validation set.
VLOG[3] (nnet-combine-fast[5.3.76~1-26df3]:Propagate():nnet-update.cc:114) Stddev of data for component 0 for this minibatch is 240.497
VLOG[3] (nnet-combine-fast[5.3.76~1-26df3]:Propagate():nnet-update.cc:114) Stddev of data for component 0 for this minibatch is 259.951
VLOG[3] (nnet-combine-fast[5.3.76~1-26df3]:Propagate():nnet-update.cc:114) Stddev of data for component 1 for this minibatch is 259.951
VLOG[3] (nnet-combine-fast[5.3.76~1-26df3]:Propagate():nnet-update.cc:114) Stddev of data for component 1 for this minibatch is 240.497
VLOG[3] (nnet-combine-fast[5.3.76~1-26df3]:Propagate():nnet-update.cc:114) Stddev of data for component 2 for this minibatch is 0.469506
VLOG[3] (nnet-combine-fast[5.3.76~1-26df3]:Propagate():nnet-update.cc:114) Stddev of data for component 2 for this minibatch is 0.445255
VLOG[3] (nnet-combine-fast[5.3.76~1-26df3]:Propagate():nnet-update.cc:114) Stddev of data for component 3 for this minibatch is 0.823173
VLOG[3] (nnet-combine-fast[5.3.76~1-26df3]:Propagate():nnet-update.cc:114) Stddev of data for component 3 for this minibatch is 0.798289
VLOG[3] (nnet-combine-fast[5.3.76~1-26df3]:Propagate():nnet-update.cc:114) Stddev of data for component 4 for this minibatch is 0.379006
VLOG[3] (nnet-combine-fast[5.3.76~1-26df3]:Propagate():nnet-update.cc:114) Stddev of data for component 4 for this minibatch is 0.372458
VLOG[3] (nnet-combine-fast[5.3.76~1-26df3]:Propagate():nnet-update.cc:114) Stddev of data for component 0 for this minibatch is 256.29
VLOG[3] (nnet-combine-fast[5.3.76~1-26df3]:Propagate():nnet-update.cc:114) Stddev of data for component 1 for this minibatch is 256.29
VLOG[3] (nnet-combine-fast[5.3.76~1-26df3]:Propagate():nnet-update.cc:114) Stddev of data for component 5 for this minibatch is 0.881333
VLOG[3] (nnet-combine-fast[5.3.76~1-26df3]:Propagate():nnet-update.cc:114) Stddev of data for component 2 for this minibatch is 0.44064
VLOG[3] (nnet-combine-fast[5.3.76~1-26df3]:Propagate():nnet-update.cc:114) Stddev of data for component 3 for this minibatch is 0.782374
VLOG[3] (nnet-combine-fast[5.3.76~1-26df3]:Propagate():nnet-update.cc:114) Stddev of data for component 4 for this minibatch is 0.368267
VLOG[3] (nnet-combine-fast[5.3.76~1-26df3]:Propagate():nnet-update.cc:114) Stddev of data for component 0 for this minibatch is 249.436
VLOG[3] (nnet-combine-fast[5.3.76~1-26df3]:Propagate():nnet-update.cc:114) Stddev of data for component 1 for this minibatch is 249.436
VLOG[3] (nnet-combine-fast[5.3.76~1-26df3]:Propagate():nnet-update.cc:114) Stddev of data for component 5 for this minibatch is 0.85068
VLOG[3] (nnet-combine-fast[5.3.76~1-26df3]:Propagate():nnet-update.cc:114) Stddev of data for component 2 for this minibatch is 0.459852
VLOG[3] (nnet-combine-fast[5.3.76~1-26df3]:Propagate():nnet-update.cc:114) Stddev of data for component 0 for this minibatch is 258.549
VLOG[3] (nnet-combine-fast[5.3.76~1-26df3]:Propagate():nnet-update.cc:114) Stddev of data for component 1 for this minibatch is 258.548
VLOG[3] (nnet-combine-fast[5.3.76~1-26df3]:Propagate():nnet-update.cc:114) Stddev of data for component 3 for this minibatch is 0.802039
VLOG[3] (nnet-combine-fast[5.3.76~1-26df3]:Propagate():nnet-update.cc:114) Stddev of data for component 2 for this minibatch is 0.454933
VLOG[3] (nnet-combine-fast[5.3.76~1-26df3]:Propagate():nnet-update.cc:114) Stddev of data for component 3 for this minibatch is 0.806447
VLOG[3] (nnet-combine-fast[5.3.76~1-26df3]:Propagate():nnet-update.cc:114) Stddev of data for component 4 for this minibatch is 0.37422
VLOG[3] (nnet-combine-fast[5.3.76~1-26df3]:Propagate():nnet-update.cc:114) Stddev of data for component 4 for this minibatch is 0.371061
VLOG[3] (nnet-combine-fast[5.3.76~1-26df3]:Propagate():nnet-update.cc:114) Stddev of data for component 5 for this minibatch is 0.853015
VLOG[3] (nnet-combine-fast[5.3.76~1-26df3]:Propagate():nnet-update.cc:114) Stddev of data for component 5 for this minibatch is 0.859144
VLOG[3] (nnet-combine-fast[5.3.76~1-26df3]:Propagate():nnet-update.cc:114) Stddev of data for component 0 for this minibatch is 264.075
VLOG[3] (nnet-combine-fast[5.3.76~1-26df3]:Propagate():nnet-update.cc:114) Stddev of data for component 0 for this minibatch is 247.633
VLOG[3] (nnet-combine-fast[5.3.76~1-26df3]:Propagate():nnet-update.cc:114) Stddev of data for component 1 for this minibatch is 264.076
VLOG[3] (nnet-combine-fast[5.3.76~1-26df3]:Propagate():nnet-update.cc:114) Stddev of data for component 1 for this minibatch is 247.633
VLOG[3] (nnet-combine-fast[5.3.76~1-26df3]:Propagate():nnet-update.cc:114) Stddev of data for component 2 for this minibatch is 0.471454
VLOG[3] (nnet-combine-fast[5.3.76~1-26df3]:Propagate():nnet-update.cc:114) Stddev of data for component 0 for this minibatch is 239.971
VLOG[3] (nnet-combine-fast[5.3.76~1-26df3]:Propagate():nnet-update.cc:114) Stddev of data for component 5 for this minibatch is 0.861913
VLOG[3] (nnet-combine-fast[5.3.76~1-26df3]:Propagate():nnet-update.cc:114) Stddev of data for component 1 for this minibatch is 239.971
VLOG[3] (nnet-combine-fast[5.3.76~1-26df3]:Propagate():nnet-update.cc:114) Stddev of data for component 2 for this minibatch is 0.450132
VLOG[3] (nnet-combine-fast[5.3.76~1-26df3]:Propagate():nnet-update.cc:114) Stddev of data for component 0 for this minibatch is 268.488
VLOG[3] (nnet-combine-fast[5.3.76~1-26df3]:Propagate():nnet-update.cc:114) Stddev of data for component 3 for this minibatch is 0.786022
VLOG[3] (nnet-combine-fast[5.3.76~1-26df3]:Propagate():nnet-update.cc:114) Stddev of data for component 1 for this minibatch is 268.488
VLOG[3] (nnet-combine-fast[5.3.76~1-26df3]:Propagate():nnet-update.cc:114) Stddev of data for component 4 for this minibatch is 0.370201
VLOG[3] (nnet-combine-fast[5.3.76~1-26df3]:Propagate():nnet-update.cc:114) Stddev of data for component 5 for this minibatch is 0.838866
VLOG[3] (nnet-combine-fast[5.3.76~1-26df3]:Propagate():nnet-update.cc:114) Stddev of data for component 2 for this minibatch is 0.456761
VLOG[3] (nnet-combine-fast[5.3.76~1-26df3]:Propagate():nnet-update.cc:114) Stddev of data for component 0 for this minibatch is 240.937
VLOG[3] (nnet-combine-fast[5.3.76~1-26df3]:Propagate():nnet-update.cc:114) Stddev of data for component 1 for this minibatch is 240.937
VLOG[3] (nnet-combine-fast[5.3.76~1-26df3]:Propagate():nnet-update.cc:114) Stddev of data for component 3 for this minibatch is 0.817503
VLOG[3] (nnet-combine-fast[5.3.76~1-26df3]:Propagate():nnet-update.cc:114) Stddev of data for component 0 for this minibatch is 248.337
VLOG[3] (nnet-combine-fast[5.3.76~1-26df3]:Propagate():nnet-update.cc:114) Stddev of data for component 2 for this minibatch is 0.439737
VLOG[3] (nnet-combine-fast[5.3.76~1-26df3]:Propagate():nnet-update.cc:114) Stddev of data for component 4 for this minibatch is 0.376112
VLOG[3] (nnet-combine-fast[5.3.76~1-26df3]:Propagate():nnet-update.cc:114) Stddev of data for component 3 for this minibatch is 0.782687
VLOG[3] (nnet-combine-fast[5.3.76~1-26df3]:Propagate():nnet-update.cc:114) Stddev of data for component 2 for this minibatch is 0.43849
VLOG[3] (nnet-combine-fast[5.3.76~1-26df3]:Propagate():nnet-update.cc:114) Stddev of data for component 5 for this minibatch is 0.873638
VLOG[3] (nnet-combine-fast[5.3.76~1-26df3]:Propagate():nnet-update.cc:114) Stddev of data for component 0 for this minibatch is 259.016
VLOG[3] (nnet-combine-fast[5.3.76~1-26df3]:Propagate():nnet-update.cc:114) Stddev of data for component 1 for this minibatch is 259.016
VLOG[3] (nnet-combine-fast[5.3.76~1-26df3]:Propagate():nnet-update.cc:114) Stddev of data for component 2 for this minibatch is 0.441941
VLOG[3] (nnet-combine-fast[5.3.76~1-26df3]:Propagate():nnet-update.cc:114) Stddev of data for component 3 for this minibatch is 0.789284
VLOG[3] (nnet-combine-fast[5.3.76~1-26df3]:Propagate():nnet-update.cc:114) Stddev of data for component 4 for this minibatch is 0.370938
VLOG[3] (nnet-combine-fast[5.3.76~1-26df3]:Propagate():nnet-update.cc:114) Stddev of data for component 0 for this minibatch is 259.551
VLOG[3] (nnet-combine-fast[5.3.76~1-26df3]:Propagate():nnet-update.cc:114) Stddev of data for component 5 for this minibatch is 0.869452
VLOG[3] (nnet-combine-fast[5.3.76~1-26df3]:Propagate():nnet-update.cc:114) Stddev of data for component 4 for this minibatch is 0.368303
VLOG[3] (nnet-combine-fast[5.3.76~1-26df3]:Propagate():nnet-update.cc:114) Stddev of data for component 0 for this minibatch is 254.496
VLOG[3] (nnet-combine-fast[5.3.76~1-26df3]:Propagate():nnet-update.cc:114) Stddev of data for component 3 for this minibatch is 0.794464
VLOG[3] (nnet-combine-fast[5.3.76~1-26df3]:Propagate():nnet-update.cc:114) Stddev of data for component 1 for this minibatch is 254.496
VLOG[3] (nnet-combine-fast[5.3.76~1-26df3]:Propagate():nnet-update.cc:114) Stddev of data for component 0 for this minibatch is 257.842
VLOG[3] (nnet-combine-fast[5.3.76~1-26df3]:Propagate():nnet-update.cc:114) Stddev of data for component 0 for this minibatch is 270.204
VLOG[3] (nnet-combine-fast[5.3.76~1-26df3]:Propagate():nnet-update.cc:114) Stddev of data for component 1 for this minibatch is 270.204
VLOG[3] (nnet-combine-fast[5.3.76~1-26df3]:Propagate():nnet-update.cc:114) Stddev of data for component 5 for this minibatch is 0.840615
VLOG[3] (nnet-combine-fast[5.3.76~1-26df3]:Propagate():nnet-update.cc:114) Stddev of data for component 2 for this minibatch is 0.466251
VLOG[3] (nnet-combine-fast[5.3.76~1-26df3]:Propagate():nnet-update.cc:114) Stddev of data for component 2 for this minibatch is 0.446551
VLOG[3] (nnet-combine-fast[5.3.76~1-26df3]:Propagate():nnet-update.cc:114) Stddev of data for component 3 for this minibatch is 0.774114
VLOG[3] (nnet-combine-fast[5.3.76~1-26df3]:Propagate():nnet-update.cc:114) Stddev of data for component 3 for this minibatch is 0.783846
VLOG[3] (nnet-combine-fast[5.3.76~1-26df3]:Propagate():nnet-update.cc:114) Stddev of data for component 4 for this minibatch is 0.366758
VLOG[3] (nnet-combine-fast[5.3.76~1-26df3]:Propagate():nnet-update.cc:114) Stddev of data for component 4 for this minibatch is 0.365407
VLOG[3] (nnet-combine-fast[5.3.76~1-26df3]:Propagate():nnet-update.cc:114) Stddev of data for component 1 for this minibatch is 248.337
VLOG[3] (nnet-combine-fast[5.3.76~1-26df3]:Propagate():nnet-update.cc:114) Stddev of data for component 2 for this minibatch is 0.454001
VLOG[3] (nnet-combine-fast[5.3.76~1-26df3]:Propagate():nnet-update.cc:114) Stddev of data for component 5 for this minibatch is 0.835551
VLOG[3] (nnet-combine-fast[5.3.76~1-26df3]:Propagate():nnet-update.cc:114) Stddev of data for component 3 for this minibatch is 0.806242
VLOG[3] (nnet-combine-fast[5.3.76~1-26df3]:Propagate():nnet-update.cc:114) Stddev of data for component 1 for this minibatch is 257.842
VLOG[3] (nnet-combine-fast[5.3.76~1-26df3]:Propagate():nnet-update.cc:114) Stddev of data for component 5 for this minibatch is 0.823572
VLOG[3] (nnet-combine-fast[5.3.76~1-26df3]:Propagate():nnet-update.cc:114) Stddev of data for component 1 for this minibatch is 259.551
VLOG[3] (nnet-combine-fast[5.3.76~1-26df3]:Propagate():nnet-update.cc:114) Stddev of data for component 2 for this minibatch is 0.474055
VLOG[3] (nnet-combine-fast[5.3.76~1-26df3]:Propagate():nnet-update.cc:114) Stddev of data for component 2 for this minibatch is 0.444493
VLOG[3] (nnet-combine-fast[5.3.76~1-26df3]:Propagate():nnet-update.cc:114) Stddev of data for component 3 for this minibatch is 0.820668
VLOG[3] (nnet-combine-fast[5.3.76~1-26df3]:Propagate():nnet-update.cc:114) Stddev of data for component 3 for this minibatch is 0.783545
VLOG[3] (nnet-combine-fast[5.3.76~1-26df3]:Propagate():nnet-update.cc:114) Stddev of data for component 4 for this minibatch is 0.375028
VLOG[3] (nnet-combine-fast[5.3.76~1-26df3]:Propagate():nnet-update.cc:114) Stddev of data for component 3 for this minibatch is 0.815995
VLOG[3] (nnet-combine-fast[5.3.76~1-26df3]:Propagate():nnet-update.cc:114) Stddev of data for component 4 for this minibatch is 0.367739
VLOG[3] (nnet-combine-fast[5.3.76~1-26df3]:Propagate():nnet-update.cc:114) Stddev of data for component 4 for this minibatch is 0.376917
VLOG[3] (nnet-combine-fast[5.3.76~1-26df3]:Propagate():nnet-update.cc:114) Stddev of data for component 5 for this minibatch is 0.87416
VLOG[3] (nnet-combine-fast[5.3.76~1-26df3]:Propagate():nnet-update.cc:114) Stddev of data for component 5 for this minibatch is 0.89175
VLOG[3] (nnet-combine-fast[5.3.76~1-26df3]:Propagate():nnet-update.cc:114) Stddev of data for component 5 for this minibatch is 0.846625
VLOG[3] (nnet-combine-fast[5.3.76~1-26df3]:Propagate():nnet-update.cc:114) Stddev of data for component 4 for this minibatch is 0.375634
VLOG[3] (nnet-combine-fast[5.3.76~1-26df3]:Propagate():nnet-update.cc:114) Stddev of data for component 5 for this minibatch is 0.874018
VLOG[3] (nnet-combine-fast[5.3.76~1-26df3]:Propagate():nnet-update.cc:114) Stddev of data for component 4 for this minibatch is 0.370198
VLOG[3] (nnet-combine-fast[5.3.76~1-26df3]:Propagate():nnet-update.cc:114) Stddev of data for component 5 for this minibatch is 0.847347
VLOG[2] (nnet-combine-fast[5.3.76~1-26df3]:DoBackpropParallel():nnet-update-parallel.cc:264) Did backprop on 2000 examples, average log-prob per frame is -3.0335
LOG (nnet-combine-fast[5.3.76~1-26df3]:GetInitialModel():combine-nnet-fast.cc:403) Objective functions for the source neural nets are  [ -3.0335 ]
LOG (nnet-combine-fast[5.3.76~1-26df3]:GetInitialParams():combine-nnet-fast.cc:282) Initializing with neural net with index 0
VLOG[3] (nnet-combine-fast[5.3.76~1-26df3]:Propagate():nnet-update.cc:114) Stddev of data for component 0 for this minibatch is 279.051
VLOG[3] (nnet-combine-fast[5.3.76~1-26df3]:Propagate():nnet-update.cc:114) Stddev of data for component 1 for this minibatch is 279.051
VLOG[3] (nnet-combine-fast[5.3.76~1-26df3]:Propagate():nnet-update.cc:114) Stddev of data for component 0 for this minibatch is 222.461
VLOG[3] (nnet-combine-fast[5.3.76~1-26df3]:Propagate():nnet-update.cc:114) Stddev of data for component 1 for this minibatch is 222.461
VLOG[2] (nnet-combine-fast[5.3.76~1-26df3]:DoBackpropParallel():nnet-update-parallel.cc:264) Did backprop on 2000 examples, average log-prob per frame is -3.0335
VLOG[2] (nnet-combine-fast[5.3.76~1-26df3]:ComputeObjfAndGradient():combine-nnet-fast.cc:347) Objf is -3.0335, raw gradient is  [ 0.535815 0.958731 ]
VLOG[2] (nnet-combine-fast[5.3.76~1-26df3]:DoBackpropParallel():nnet-update-parallel.cc:264) Did backprop on 2000 examples, average log-prob per frame is -3.02371
VLOG[2] (nnet-combine-fast[5.3.76~1-26df3]:ComputeObjfAndGradient():combine-nnet-fast.cc:347) Objf is -3.02371, raw gradient is  [ 0.510561 0.921499 ]
VLOG[3] (nnet-combine-fast[5.3.76~1-26df3]:StepSizeIteration():optimization.cc:240) In step size iteration, function value changed -3.0335 to -3.02371
VLOG[3] (nnet-combine-fast[5.3.76~1-26df3]:StepSizeIteration():optimization.cc:323) d = 2, iter = 0, action = increase
VLOG[2] (nnet-combine-fast[5.3.76~1-26df3]:DoBackpropParallel():nnet-update-parallel.cc:264) Did backprop on 2000 examples, average log-prob per frame is -3.01435
VLOG[2] (nnet-combine-fast[5.3.76~1-26df3]:ComputeObjfAndGradient():combine-nnet-fast.cc:347) Objf is -3.01435, raw gradient is  [ 0.485904 0.884416 ]
VLOG[3] (nnet-combine-fast[5.3.76~1-26df3]:StepSizeIteration():optimization.cc:240) In step size iteration, function value changed -3.0335 to -3.01435
VLOG[3] (nnet-combine-fast[5.3.76~1-26df3]:StepSizeIteration():optimization.cc:323) d = 2, iter = 0, action = increase
VLOG[2] (nnet-combine-fast[5.3.76~1-26df3]:DoBackpropParallel():nnet-update-parallel.cc:264) Did backprop on 2000 examples, average log-prob per frame is -2.99689
VLOG[2] (nnet-combine-fast[5.3.76~1-26df3]:ComputeObjfAndGradient():combine-nnet-fast.cc:347) Objf is -2.99689, raw gradient is  [ 0.438373 0.810806 ]
VLOG[3] (nnet-combine-fast[5.3.76~1-26df3]:StepSizeIteration():optimization.cc:240) In step size iteration, function value changed -3.0335 to -2.99689
VLOG[3] (nnet-combine-fast[5.3.76~1-26df3]:StepSizeIteration():optimization.cc:323) d = 2, iter = 0, action = accept
VLOG[3] (nnet-combine-fast[5.3.76~1-26df3]:AcceptStep():optimization.cc:194) Accepted step; length was 0.0516336, prod was -0.00670937
VLOG[2] (nnet-combine-fast[5.3.76~1-26df3]:DoBackpropParallel():nnet-update-parallel.cc:264) Did backprop on 2000 examples, average log-prob per frame is -8.26313
VLOG[2] (nnet-combine-fast[5.3.76~1-26df3]:ComputeObjfAndGradient():combine-nnet-fast.cc:347) Objf is -8.26313, raw gradient is  [ 11.9741 -1.19779 ]
VLOG[3] (nnet-combine-fast[5.3.76~1-26df3]:StepSizeIteration():optimization.cc:240) In step size iteration, function value changed -2.99689 to -8.26313
VLOG[3] (nnet-combine-fast[5.3.76~1-26df3]:StepSizeIteration():optimization.cc:323) d = 2, iter = 1, action = decrease
VLOG[2] (nnet-combine-fast[5.3.76~1-26df3]:DoBackpropParallel():nnet-update-parallel.cc:264) Did backprop on 2000 examples, average log-prob per frame is -3.27204
VLOG[2] (nnet-combine-fast[5.3.76~1-26df3]:ComputeObjfAndGradient():combine-nnet-fast.cc:347) Objf is -3.27204, raw gradient is  [ 2.84152 0.896842 ]
VLOG[3] (nnet-combine-fast[5.3.76~1-26df3]:StepSizeIteration():optimization.cc:240) In step size iteration, function value changed -2.99689 to -3.27204
VLOG[3] (nnet-combine-fast[5.3.76~1-26df3]:StepSizeIteration():optimization.cc:323) d = 2, iter = 1, action = decrease
VLOG[2] (nnet-combine-fast[5.3.76~1-26df3]:DoBackpropParallel():nnet-update-parallel.cc:264) Did backprop on 2000 examples, average log-prob per frame is -2.99503
VLOG[2] (nnet-combine-fast[5.3.76~1-26df3]:ComputeObjfAndGradient():combine-nnet-fast.cc:347) Objf is -2.99503, raw gradient is  [ 0.738891 0.587185 ]
VLOG[3] (nnet-combine-fast[5.3.76~1-26df3]:StepSizeIteration():optimization.cc:240) In step size iteration, function value changed -2.99689 to -2.99503
VLOG[3] (nnet-combine-fast[5.3.76~1-26df3]:StepSizeIteration():optimization.cc:323) d = 2, iter = 1, action = accept
VLOG[3] (nnet-combine-fast[5.3.76~1-26df3]:AcceptStep():optimization.cc:194) Accepted step; length was 0.114331, prod was -0.150886
VLOG[2] (nnet-combine-fast[5.3.76~1-26df3]:DoBackpropParallel():nnet-update-parallel.cc:264) Did backprop on 2000 examples, average log-prob per frame is -2.90922
VLOG[2] (nnet-combine-fast[5.3.76~1-26df3]:ComputeObjfAndGradient():combine-nnet-fast.cc:347) Objf is -2.90922, raw gradient is  [ -0.0515614 -0.129832 ]
VLOG[3] (nnet-combine-fast[5.3.76~1-26df3]:StepSizeIteration():optimization.cc:240) In step size iteration, function value changed -2.99503 to -2.90922
VLOG[3] (nnet-combine-fast[5.3.76~1-26df3]:StepSizeIteration():optimization.cc:323) d = 2, iter = 2, action = accept
VLOG[3] (nnet-combine-fast[5.3.76~1-26df3]:AcceptStep():optimization.cc:194) Accepted step; length was 0.267403, prod was -0.268379
VLOG[2] (nnet-combine-fast[5.3.76~1-26df3]:DoBackpropParallel():nnet-update-parallel.cc:264) Did backprop on 2000 examples, average log-prob per frame is -2.9054
VLOG[2] (nnet-combine-fast[5.3.76~1-26df3]:ComputeObjfAndGradient():combine-nnet-fast.cc:347) Objf is -2.9054, raw gradient is  [ 0.00762859 -0.0437664 ]
VLOG[3] (nnet-combine-fast[5.3.76~1-26df3]:StepSizeIteration():optimization.cc:240) In step size iteration, function value changed -2.90922 to -2.9054
VLOG[3] (nnet-combine-fast[5.3.76~1-26df3]:StepSizeIteration():optimization.cc:323) d = 2, iter = 3, action = accept
VLOG[3] (nnet-combine-fast[5.3.76~1-26df3]:AcceptStep():optimization.cc:194) Accepted step; length was 0.0483538, prod was -0.00317605
VLOG[2] (nnet-combine-fast[5.3.76~1-26df3]:DoBackpropParallel():nnet-update-parallel.cc:264) Did backprop on 2000 examples, average log-prob per frame is -2.90185
VLOG[2] (nnet-combine-fast[5.3.76~1-26df3]:ComputeObjfAndGradient():combine-nnet-fast.cc:347) Objf is -2.90185, raw gradient is  [ 0.0760152 0.123579 ]
VLOG[3] (nnet-combine-fast[5.3.76~1-26df3]:StepSizeIteration():optimization.cc:240) In step size iteration, function value changed -2.9054 to -2.90185
VLOG[3] (nnet-combine-fast[5.3.76~1-26df3]:StepSizeIteration():optimization.cc:323) d = 2, iter = 4, action = accept
VLOG[3] (nnet-combine-fast[5.3.76~1-26df3]:AcceptStep():optimization.cc:194) Accepted step; length was 0.0647599, prod was -0.0128261
LOG (nnet-combine-fast[5.3.76~1-26df3]:ComputeCurrentNnet():combine-nnet-fast.cc:373) Scale parameters are  [
  1.21763 1.13513 ]
LOG (nnet-combine-fast[5.3.76~1-26df3]:FastNnetCombiner():combine-nnet-fast.cc:152) Combining nnets, objf per frame changed from -3.0335 to -2.90185
LOG (nnet-combine-fast[5.3.76~1-26df3]:main():nnet-combine-fast.cc:124) Finished combining neural nets, wrote model to exp_FG/DNN_tri_8_2000_aligned_layer3_nodes256/1.mdl
# Accounting: time=2 threads=1
# Ended (code 0) at Fri Mar 30 11:05:26 CST 2018, elapsed time 2 seconds
