# nnet-latgen-faster --minimize=false --max-active=7000 --min-active=200 --beam=15.0 --lattice-beam=8.0 --acoustic-scale=0.1 --allow-partial=true --word-symbol-table=exp_FG/tri_8_2000/graph/words.txt exp_FG/DNN_tri_8_2000_aligned_layer3_nodes256/final.mdl exp_FG/tri_8_2000/graph/HCLG.fst "ark,s,cs:apply-cmvn  --utt2spk=ark:data/test/split18/9/utt2spk scp:data/test/split18/9/cmvn.scp scp:data/test/split18/9/feats.scp ark:- |" "ark:|gzip -c > exp_FG/DNN_tri_8_2000_aligned_layer3_nodes256/decode/lat.9.gz" 
# Started at Fri Mar 30 11:11:47 CST 2018
#
nnet-latgen-faster --minimize=false --max-active=7000 --min-active=200 --beam=15.0 --lattice-beam=8.0 --acoustic-scale=0.1 --allow-partial=true --word-symbol-table=exp_FG/tri_8_2000/graph/words.txt exp_FG/DNN_tri_8_2000_aligned_layer3_nodes256/final.mdl exp_FG/tri_8_2000/graph/HCLG.fst 'ark,s,cs:apply-cmvn  --utt2spk=ark:data/test/split18/9/utt2spk scp:data/test/split18/9/cmvn.scp scp:data/test/split18/9/feats.scp ark:- |' 'ark:|gzip -c > exp_FG/DNN_tri_8_2000_aligned_layer3_nodes256/decode/lat.9.gz' 
apply-cmvn --utt2spk=ark:data/test/split18/9/utt2spk scp:data/test/split18/9/cmvn.scp scp:data/test/split18/9/feats.scp ark:- 
zh1109M0001 要 四 箱 银桥 核桃 牛奶 多 加糖 
LOG (nnet-latgen-faster[5.3.76~1-26df3]:DecodeUtteranceLatticeFaster():decoder-wrappers.cc:286) Log-like per frame for utterance zh1109M0001 is 0.315325 over 381 frames.
zh1109M0002 要 五 箱 银桥 花生 牛奶 少 加糖 
LOG (nnet-latgen-faster[5.3.76~1-26df3]:DecodeUtteranceLatticeFaster():decoder-wrappers.cc:286) Log-like per frame for utterance zh1109M0002 is 0.32993 over 333 frames.
LOG (apply-cmvn[5.3.76~1-26df3]:main():apply-cmvn.cc:162) Applied cepstral mean normalization to 9 utterances, errors on 0
zh1109M0003 要 四 箱 银桥 红枣 牛奶 不 加糖 
LOG (nnet-latgen-faster[5.3.76~1-26df3]:DecodeUtteranceLatticeFaster():decoder-wrappers.cc:286) Log-like per frame for utterance zh1109M0003 is 0.331729 over 353 frames.
zh1109M0004 要 四 箱 银桥 黑谷 牛奶 多 加糖 
LOG (nnet-latgen-faster[5.3.76~1-26df3]:DecodeUtteranceLatticeFaster():decoder-wrappers.cc:286) Log-like per frame for utterance zh1109M0004 is 0.37416 over 333 frames.
zh1109M0005 要 四 箱 银桥 核桃 牛奶 少 加糖 
LOG (nnet-latgen-faster[5.3.76~1-26df3]:DecodeUtteranceLatticeFaster():decoder-wrappers.cc:286) Log-like per frame for utterance zh1109M0005 is 0.325689 over 314 frames.
zh1109M0006 打开 泵 
LOG (nnet-latgen-faster[5.3.76~1-26df3]:DecodeUtteranceLatticeFaster():decoder-wrappers.cc:286) Log-like per frame for utterance zh1109M0006 is 0.164057 over 142 frames.
zh1109M0007 关闭 阀门 
LOG (nnet-latgen-faster[5.3.76~1-26df3]:DecodeUtteranceLatticeFaster():decoder-wrappers.cc:286) Log-like per frame for utterance zh1109M0007 is 0.175657 over 161 frames.
zh1109M0008 开启 窗帘 
LOG (nnet-latgen-faster[5.3.76~1-26df3]:DecodeUtteranceLatticeFaster():decoder-wrappers.cc:286) Log-like per frame for utterance zh1109M0008 is 0.200003 over 199 frames.
zh1109M0009 关掉 泵 
LOG (nnet-latgen-faster[5.3.76~1-26df3]:DecodeUtteranceLatticeFaster():decoder-wrappers.cc:286) Log-like per frame for utterance zh1109M0009 is 0.189145 over 142 frames.
LOG (nnet-latgen-faster[5.3.76~1-26df3]:main():nnet-latgen-faster.cc:181) Time taken 1.55151s: real-time factor assuming 100 frames/sec is 0.0657977
LOG (nnet-latgen-faster[5.3.76~1-26df3]:main():nnet-latgen-faster.cc:184) Done 9 utterances, failed for 0
LOG (nnet-latgen-faster[5.3.76~1-26df3]:main():nnet-latgen-faster.cc:186) Overall log-likelihood per frame is 0.293555 over 2358 frames.
# Accounting: time=1 threads=1
# Ended (code 0) at Fri Mar 30 11:11:48 CST 2018, elapsed time 1 seconds
