# nnet-latgen-faster --minimize=false --max-active=7000 --min-active=200 --beam=15.0 --lattice-beam=8.0 --acoustic-scale=0.1 --allow-partial=true --word-symbol-table=exp_FG/tri_8_2000/graph/words.txt exp_FG/DNN_tri_8_2000_aligned_layer3_nodes256/final.mdl exp_FG/tri_8_2000/graph/HCLG.fst "ark,s,cs:apply-cmvn  --utt2spk=ark:data/test/split18/14/utt2spk scp:data/test/split18/14/cmvn.scp scp:data/test/split18/14/feats.scp ark:- |" "ark:|gzip -c > exp_FG/DNN_tri_8_2000_aligned_layer3_nodes256/decode/lat.14.gz" 
# Started at Fri Mar 30 11:11:50 CST 2018
#
nnet-latgen-faster --minimize=false --max-active=7000 --min-active=200 --beam=15.0 --lattice-beam=8.0 --acoustic-scale=0.1 --allow-partial=true --word-symbol-table=exp_FG/tri_8_2000/graph/words.txt exp_FG/DNN_tri_8_2000_aligned_layer3_nodes256/final.mdl exp_FG/tri_8_2000/graph/HCLG.fst 'ark,s,cs:apply-cmvn  --utt2spk=ark:data/test/split18/14/utt2spk scp:data/test/split18/14/cmvn.scp scp:data/test/split18/14/feats.scp ark:- |' 'ark:|gzip -c > exp_FG/DNN_tri_8_2000_aligned_layer3_nodes256/decode/lat.14.gz' 
apply-cmvn --utt2spk=ark:data/test/split18/14/utt2spk scp:data/test/split18/14/cmvn.scp scp:data/test/split18/14/feats.scp ark:- 
zh1114M0001 要 一 箱 银桥 核桃 牛奶 多 加糖 
LOG (nnet-latgen-faster[5.3.76~1-26df3]:DecodeUtteranceLatticeFaster():decoder-wrappers.cc:286) Log-like per frame for utterance zh1114M0001 is 0.332214 over 324 frames.
zh1114M0002 要 五 箱 银桥 花生 牛奶 少 加糖 
LOG (nnet-latgen-faster[5.3.76~1-26df3]:DecodeUtteranceLatticeFaster():decoder-wrappers.cc:286) Log-like per frame for utterance zh1114M0002 is 0.328122 over 343 frames.
zh1114M0003 要 二 箱 银桥 红枣 牛奶 不 加糖 
LOG (nnet-latgen-faster[5.3.76~1-26df3]:DecodeUtteranceLatticeFaster():decoder-wrappers.cc:286) Log-like per frame for utterance zh1114M0003 is 0.281184 over 381 frames.
LOG (apply-cmvn[5.3.76~1-26df3]:main():apply-cmvn.cc:162) Applied cepstral mean normalization to 9 utterances, errors on 0
zh1114M0004 要 五 箱 银桥 黑谷 牛奶 多 加糖 
LOG (nnet-latgen-faster[5.3.76~1-26df3]:DecodeUtteranceLatticeFaster():decoder-wrappers.cc:286) Log-like per frame for utterance zh1114M0004 is 0.328031 over 343 frames.
zh1114M0005 要 一 箱 银桥 核桃 牛奶 少 加糖 
LOG (nnet-latgen-faster[5.3.76~1-26df3]:DecodeUtteranceLatticeFaster():decoder-wrappers.cc:286) Log-like per frame for utterance zh1114M0005 is 0.31781 over 400 frames.
zh1114M0006 打开 泵 
LOG (nnet-latgen-faster[5.3.76~1-26df3]:DecodeUtteranceLatticeFaster():decoder-wrappers.cc:286) Log-like per frame for utterance zh1114M0006 is 0.116152 over 228 frames.
zh1114M0007 关闭 阀门 
LOG (nnet-latgen-faster[5.3.76~1-26df3]:DecodeUtteranceLatticeFaster():decoder-wrappers.cc:286) Log-like per frame for utterance zh1114M0007 is 0.143266 over 218 frames.
zh1114M0008 开启 窗帘 
LOG (nnet-latgen-faster[5.3.76~1-26df3]:DecodeUtteranceLatticeFaster():decoder-wrappers.cc:286) Log-like per frame for utterance zh1114M0008 is 0.263191 over 199 frames.
zh1114M0009 打开 泵 
LOG (nnet-latgen-faster[5.3.76~1-26df3]:DecodeUtteranceLatticeFaster():decoder-wrappers.cc:286) Log-like per frame for utterance zh1114M0009 is -0.0212739 over 180 frames.
LOG (nnet-latgen-faster[5.3.76~1-26df3]:main():nnet-latgen-faster.cc:181) Time taken 1.59078s: real-time factor assuming 100 frames/sec is 0.0608096
LOG (nnet-latgen-faster[5.3.76~1-26df3]:main():nnet-latgen-faster.cc:184) Done 9 utterances, failed for 0
LOG (nnet-latgen-faster[5.3.76~1-26df3]:main():nnet-latgen-faster.cc:186) Overall log-likelihood per frame is 0.257345 over 2616 frames.
# Accounting: time=2 threads=1
# Ended (code 0) at Fri Mar 30 11:11:52 CST 2018, elapsed time 2 seconds
