# gmm-align-compiled --transition-scale=1.0 --acoustic-scale=0.1 --self-loop-scale=0.1 --beam=10 --retry-beam=40 --careful=false "gmm-boost-silence --boost=1.0 1 exp_FG/tri_8_2000/20.mdl - |" "ark:gunzip -c exp_FG/tri_8_2000/fsts.9.gz|" "ark,s,cs:apply-cmvn  --utt2spk=ark:data/train/split18/9/utt2spk scp:data/train/split18/9/cmvn.scp scp:data/train/split18/9/feats.scp ark:- | add-deltas  ark:- ark:- |" "ark:|gzip -c >exp_FG/tri_8_2000/ali.9.gz" 
# Started at Fri Mar 30 11:02:48 CST 2018
#
gmm-align-compiled --transition-scale=1.0 --acoustic-scale=0.1 --self-loop-scale=0.1 --beam=10 --retry-beam=40 --careful=false 'gmm-boost-silence --boost=1.0 1 exp_FG/tri_8_2000/20.mdl - |' 'ark:gunzip -c exp_FG/tri_8_2000/fsts.9.gz|' 'ark,s,cs:apply-cmvn  --utt2spk=ark:data/train/split18/9/utt2spk scp:data/train/split18/9/cmvn.scp scp:data/train/split18/9/feats.scp ark:- | add-deltas  ark:- ark:- |' 'ark:|gzip -c >exp_FG/tri_8_2000/ali.9.gz' 
gmm-boost-silence --boost=1.0 1 exp_FG/tri_8_2000/20.mdl - 
WARNING (gmm-boost-silence[5.3.76~1-26df3]:main():gmm-boost-silence.cc:82) The pdfs for the silence phones may be shared by other phones (note: this probably does not matter.)
LOG (gmm-boost-silence[5.3.76~1-26df3]:main():gmm-boost-silence.cc:93) Boosted weights for 3 pdfs, by factor of 1
LOG (gmm-boost-silence[5.3.76~1-26df3]:main():gmm-boost-silence.cc:103) Wrote model to -
add-deltas ark:- ark:- 
apply-cmvn --utt2spk=ark:data/train/split18/9/utt2spk scp:data/train/split18/9/cmvn.scp scp:data/train/split18/9/feats.scp ark:- 
LOG (gmm-align-compiled[5.3.76~1-26df3]:main():gmm-align-compiled.cc:127) zh1109M0001
LOG (gmm-align-compiled[5.3.76~1-26df3]:main():gmm-align-compiled.cc:127) zh1109M0002
LOG (gmm-align-compiled[5.3.76~1-26df3]:main():gmm-align-compiled.cc:127) zh1109M0003
LOG (gmm-align-compiled[5.3.76~1-26df3]:main():gmm-align-compiled.cc:127) zh1109M0004
LOG (gmm-align-compiled[5.3.76~1-26df3]:main():gmm-align-compiled.cc:127) zh1109M0005
LOG (gmm-align-compiled[5.3.76~1-26df3]:main():gmm-align-compiled.cc:127) zh1109M0006
LOG (gmm-align-compiled[5.3.76~1-26df3]:main():gmm-align-compiled.cc:127) zh1109M0007
LOG (gmm-align-compiled[5.3.76~1-26df3]:main():gmm-align-compiled.cc:127) zh1109M0008
LOG (gmm-align-compiled[5.3.76~1-26df3]:main():gmm-align-compiled.cc:127) zh1109M0009
LOG (gmm-align-compiled[5.3.76~1-26df3]:main():gmm-align-compiled.cc:127) zh1109M0010
LOG (gmm-align-compiled[5.3.76~1-26df3]:main():gmm-align-compiled.cc:127) zh1109M0011
LOG (gmm-align-compiled[5.3.76~1-26df3]:main():gmm-align-compiled.cc:127) zh1109M0012
LOG (gmm-align-compiled[5.3.76~1-26df3]:main():gmm-align-compiled.cc:127) zh1109M0013
LOG (gmm-align-compiled[5.3.76~1-26df3]:main():gmm-align-compiled.cc:127) zh1109M0014
LOG (gmm-align-compiled[5.3.76~1-26df3]:main():gmm-align-compiled.cc:127) zh1109M0015
LOG (gmm-align-compiled[5.3.76~1-26df3]:main():gmm-align-compiled.cc:127) zh1109M0016
LOG (gmm-align-compiled[5.3.76~1-26df3]:main():gmm-align-compiled.cc:127) zh1109M0017
LOG (gmm-align-compiled[5.3.76~1-26df3]:main():gmm-align-compiled.cc:127) zh1109M0018
LOG (gmm-align-compiled[5.3.76~1-26df3]:main():gmm-align-compiled.cc:127) zh1109M0019
LOG (apply-cmvn[5.3.76~1-26df3]:main():apply-cmvn.cc:162) Applied cepstral mean normalization to 31 utterances, errors on 0
LOG (gmm-align-compiled[5.3.76~1-26df3]:main():gmm-align-compiled.cc:127) zh1109M0020
LOG (gmm-align-compiled[5.3.76~1-26df3]:main():gmm-align-compiled.cc:127) zh1109M0021
LOG (gmm-align-compiled[5.3.76~1-26df3]:main():gmm-align-compiled.cc:127) zh1109M0022
LOG (gmm-align-compiled[5.3.76~1-26df3]:main():gmm-align-compiled.cc:127) zh1109M0023
LOG (gmm-align-compiled[5.3.76~1-26df3]:main():gmm-align-compiled.cc:127) zh1109M0024
LOG (gmm-align-compiled[5.3.76~1-26df3]:main():gmm-align-compiled.cc:127) zh1109M0025
LOG (gmm-align-compiled[5.3.76~1-26df3]:main():gmm-align-compiled.cc:127) zh1109M0026
LOG (gmm-align-compiled[5.3.76~1-26df3]:main():gmm-align-compiled.cc:127) zh1109M0027
LOG (gmm-align-compiled[5.3.76~1-26df3]:main():gmm-align-compiled.cc:127) zh1109M0028
LOG (gmm-align-compiled[5.3.76~1-26df3]:main():gmm-align-compiled.cc:127) zh1109M0029
LOG (gmm-align-compiled[5.3.76~1-26df3]:main():gmm-align-compiled.cc:127) zh1109M0030
LOG (gmm-align-compiled[5.3.76~1-26df3]:main():gmm-align-compiled.cc:127) zh1109M0031
LOG (gmm-align-compiled[5.3.76~1-26df3]:main():gmm-align-compiled.cc:135) Overall log-likelihood per frame is -65.449 over 7957 frames.
LOG (gmm-align-compiled[5.3.76~1-26df3]:main():gmm-align-compiled.cc:137) Retried 0 out of 31 utterances.
LOG (gmm-align-compiled[5.3.76~1-26df3]:main():gmm-align-compiled.cc:139) Done 31, errors on 0
# Accounting: time=1 threads=1
# Ended (code 0) at Fri Mar 30 11:02:49 CST 2018, elapsed time 1 seconds
