# gmm-init-model --write-occs=exp_FG/tri_8_2000/1.occs exp_FG/tri_8_2000/tree exp_FG/tri_8_2000/treeacc data/lang_bigram/topo exp_FG/tri_8_2000/1.mdl 
# Started at Fri Mar 30 11:01:57 CST 2018
#
gmm-init-model --write-occs=exp_FG/tri_8_2000/1.occs exp_FG/tri_8_2000/tree exp_FG/tri_8_2000/treeacc data/lang_bigram/topo exp_FG/tri_8_2000/1.mdl 
LOG (gmm-init-model[5.3.76~1-26df3]:main():gmm-init-model.cc:271) Number of separate statistics is 402
WARNING (gmm-init-model[5.3.76~1-26df3]:InitAmGmm():gmm-init-model.cc:83) Very small count for state 5: 54; corresponding phone list: 22 23 24 25 
WARNING (gmm-init-model[5.3.76~1-26df3]:InitAmGmm():gmm-init-model.cc:83) Very small count for state 8: 24; corresponding phone list: 34 35 36 37 
WARNING (gmm-init-model[5.3.76~1-26df3]:InitAmGmm():gmm-init-model.cc:83) Very small count for state 12: 96; corresponding phone list: 50 51 52 53 
WARNING (gmm-init-model[5.3.76~1-26df3]:InitAmGmm():gmm-init-model.cc:83) Very small count for state 15: 12; corresponding phone list: 62 63 64 65 
WARNING (gmm-init-model[5.3.76~1-26df3]:InitAmGmm():gmm-init-model.cc:83) Very small count for state 16: 78; corresponding phone list: 66 67 68 69 
WARNING (gmm-init-model[5.3.76~1-26df3]:InitAmGmm():gmm-init-model.cc:83) Very small count for state 19: 24; corresponding phone list: 78 79 80 81 
WARNING (gmm-init-model[5.3.76~1-26df3]:InitAmGmm():gmm-init-model.cc:83) Very small count for state 21: 54; corresponding phone list: 86 87 88 89 
WARNING (gmm-init-model[5.3.76~1-26df3]:InitAmGmm():gmm-init-model.cc:83) Very small count for state 22: 84; corresponding phone list: 90 91 92 93 
WARNING (gmm-init-model[5.3.76~1-26df3]:InitAmGmm():gmm-init-model.cc:83) Very small count for state 26: 54; corresponding phone list: 106 107 108 109 
WARNING (gmm-init-model[5.3.76~1-26df3]:InitAmGmm():gmm-init-model.cc:83) Very small count for state 28: 6; corresponding phone list: 114 115 116 117 
WARNING (gmm-init-model[5.3.76~1-26df3]:InitAmGmm():gmm-init-model.cc:83) Very small count for state 31: 54; corresponding phone list: 126 127 128 129 
WARNING (gmm-init-model[5.3.76~1-26df3]:InitAmGmm():gmm-init-model.cc:83) Very small count for state 38: 6; corresponding phone list: 154 155 156 157 
WARNING (gmm-init-model[5.3.76~1-26df3]:InitAmGmm():gmm-init-model.cc:83) Very small count for state 49: 6; corresponding phone list: 198 199 200 201 
WARNING (gmm-init-model[5.3.76~1-26df3]:InitAmGmm():gmm-init-model.cc:83) Very small count for state 50: 30; corresponding phone list: 202 203 204 205 
WARNING (gmm-init-model[5.3.76~1-26df3]:InitAmGmm():gmm-init-model.cc:83) Very small count for state 51: 6; corresponding phone list: 206 207 208 209 
WARNING (gmm-init-model[5.3.76~1-26df3]:InitAmGmm():gmm-init-model.cc:83) Very small count for state 57: 18; corresponding phone list: 86 87 88 89 
WARNING (gmm-init-model[5.3.76~1-26df3]:InitAmGmm():gmm-init-model.cc:83) Very small count for state 59: 6; corresponding phone list: 114 115 116 117 
WARNING (gmm-init-model[5.3.76~1-26df3]:InitAmGmm():gmm-init-model.cc:83) Very small count for state 60: 12; corresponding phone list: 198 199 200 201 
WARNING (gmm-init-model[5.3.76~1-26df3]:InitAmGmm():gmm-init-model.cc:83) Very small count for state 62: 18; corresponding phone list: 106 107 108 109 
WARNING (gmm-init-model[5.3.76~1-26df3]:InitAmGmm():gmm-init-model.cc:83) Very small count for state 64: 72; corresponding phone list: 82 83 84 85 
WARNING (gmm-init-model[5.3.76~1-26df3]:InitAmGmm():gmm-init-model.cc:83) Very small count for state 65: 60; corresponding phone list: 202 203 204 205 
WARNING (gmm-init-model[5.3.76~1-26df3]:InitAmGmm():gmm-init-model.cc:83) Very small count for state 68: 30; corresponding phone list: 126 127 128 129 
WARNING (gmm-init-model[5.3.76~1-26df3]:InitAmGmm():gmm-init-model.cc:83) Very small count for state 74: 36; corresponding phone list: 26 27 28 29 
WARNING (gmm-init-model[5.3.76~1-26df3]:InitAmGmm():gmm-init-model.cc:83) Very small count for state 77: 6; corresponding phone list: 114 115 116 117 
WARNING (gmm-init-model[5.3.76~1-26df3]:InitAmGmm():gmm-init-model.cc:83) Very small count for state 80: 6; corresponding phone list: 66 67 68 69 
WARNING (gmm-init-model[5.3.76~1-26df3]:InitAmGmm():gmm-init-model.cc:83) Very small count for state 88: 66; corresponding phone list: 202 203 204 205 
WARNING (gmm-init-model[5.3.76~1-26df3]:InitAmGmm():gmm-init-model.cc:83) Very small count for state 90: 48; corresponding phone list: 78 79 80 81 
WARNING (gmm-init-model[5.3.76~1-26df3]:InitAmGmm():gmm-init-model.cc:83) Very small count for state 92: 60; corresponding phone list: 34 35 36 37 
WARNING (gmm-init-model[5.3.76~1-26df3]:InitAmGmm():gmm-init-model.cc:83) Very small count for state 94: 24; corresponding phone list: 50 51 52 53 
WARNING (gmm-init-model[5.3.76~1-26df3]:InitAmGmm():gmm-init-model.cc:83) Very small count for state 96: 82; corresponding phone list: 126 127 128 129 
WARNING (gmm-init-model[5.3.76~1-26df3]:InitAmGmm():gmm-init-model.cc:83) Very small count for state 101: 6; corresponding phone list: 198 199 200 201 
WARNING (gmm-init-model[5.3.76~1-26df3]:InitAmGmm():gmm-init-model.cc:83) Very small count for state 105: 6; corresponding phone list: 62 63 64 65 
WARNING (gmm-init-model[5.3.76~1-26df3]:InitAmGmm():gmm-init-model.cc:83) Very small count for state 110: 84; corresponding phone list: 34 35 36 37 
WARNING (gmm-init-model[5.3.76~1-26df3]:InitAmGmm():gmm-init-model.cc:83) Very small count for state 114: 6; corresponding phone list: 66 67 68 69 
WARNING (gmm-init-model[5.3.76~1-26df3]:InitAmGmm():gmm-init-model.cc:83) Very small count for state 116: 18; corresponding phone list: 130 131 132 133 
WARNING (gmm-init-model[5.3.76~1-26df3]:InitAmGmm():gmm-init-model.cc:83) Very small count for state 119: 6; corresponding phone list: 62 63 64 65 
WARNING (gmm-init-model[5.3.76~1-26df3]:InitAmGmm():gmm-init-model.cc:83) Very small count for state 120: 96; corresponding phone list: 46 47 48 49 
WARNING (gmm-init-model[5.3.76~1-26df3]:InitAmGmm():gmm-init-model.cc:83) Very small count for state 122: 30; corresponding phone list: 202 203 204 205 
WARNING (gmm-init-model[5.3.76~1-26df3]:InitAmGmm():gmm-init-model.cc:83) Very small count for state 123: 48; corresponding phone list: 194 195 196 197 
WARNING (gmm-init-model[5.3.76~1-26df3]:InitAmGmm():gmm-init-model.cc:83) Very small count for state 127: 60; corresponding phone list: 90 91 92 93 
WARNING (gmm-init-model[5.3.76~1-26df3]:InitAmGmm():gmm-init-model.cc:83) Very small count for state 132: 36; corresponding phone list: 102 103 104 105 
WARNING (gmm-init-model[5.3.76~1-26df3]:InitAmGmm():gmm-init-model.cc:83) Very small count for state 136: 60; corresponding phone list: 162 163 164 165 
WARNING (gmm-init-model[5.3.76~1-26df3]:InitAmGmm():gmm-init-model.cc:83) Very small count for state 154: 6; corresponding phone list: 206 207 208 209 
WARNING (gmm-init-model[5.3.76~1-26df3]:InitAmGmm():gmm-init-model.cc:83) Very small count for state 156: 96; corresponding phone list: 142 143 144 145 
WARNING (gmm-init-model[5.3.76~1-26df3]:InitAmGmm():gmm-init-model.cc:83) Very small count for state 158: 96; corresponding phone list: 14 15 16 17 
WARNING (gmm-init-model[5.3.76~1-26df3]:InitAmGmm():gmm-init-model.cc:83) Very small count for state 169: 66; corresponding phone list: 42 43 44 45 
WARNING (gmm-init-model[5.3.76~1-26df3]:InitAmGmm():gmm-init-model.cc:83) Very small count for state 176: 12; corresponding phone list: 14 15 16 17 
WARNING (gmm-init-model[5.3.76~1-26df3]:InitAmGmm():gmm-init-model.cc:83) Very small count for state 182: 6; corresponding phone list: 154 155 156 157 
WARNING (gmm-init-model[5.3.76~1-26df3]:InitAmGmm():gmm-init-model.cc:83) Very small count for state 184: 84; corresponding phone list: 78 79 80 81 
WARNING (gmm-init-model[5.3.76~1-26df3]:InitAmGmm():gmm-init-model.cc:83) Very small count for state 185: 84; corresponding phone list: 42 43 44 45 
WARNING (gmm-init-model[5.3.76~1-26df3]:InitAmGmm():gmm-init-model.cc:83) Very small count for state 191: 24; corresponding phone list: 162 163 164 165 
WARNING (gmm-init-model[5.3.76~1-26df3]:InitAmGmm():gmm-init-model.cc:83) Very small count for state 201: 6; corresponding phone list: 50 51 52 53 
WARNING (gmm-init-model[5.3.76~1-26df3]:InitAmGmm():gmm-init-model.cc:83) Very small count for state 203: 24; corresponding phone list: 14 15 16 17 
WARNING (gmm-init-model[5.3.76~1-26df3]:InitAmGmm():gmm-init-model.cc:83) Very small count for state 204: 54; corresponding phone list: 78 79 80 81 
WARNING (gmm-init-model[5.3.76~1-26df3]:InitAmGmm():gmm-init-model.cc:83) Very small count for state 207: 12; corresponding phone list: 50 51 52 53 
WARNING (gmm-init-model[5.3.76~1-26df3]:InitAmGmm():gmm-init-model.cc:83) Very small count for state 209: 54; corresponding phone list: 194 195 196 197 
WARNING (gmm-init-model[5.3.76~1-26df3]:InitAmGmm():gmm-init-model.cc:83) Very small count for state 214: 60; corresponding phone list: 86 87 88 89 
WARNING (gmm-init-model[5.3.76~1-26df3]:InitAmGmm():gmm-init-model.cc:83) Very small count for state 216: 36; corresponding phone list: 206 207 208 209 
WARNING (gmm-init-model[5.3.76~1-26df3]:InitAmGmm():gmm-init-model.cc:83) Very small count for state 217: 12; corresponding phone list: 206 207 208 209 
WARNING (gmm-init-model[5.3.76~1-26df3]:InitAmGmm():gmm-init-model.cc:83) Very small count for state 219: 90; corresponding phone list: 142 143 144 145 
WARNING (gmm-init-model[5.3.76~1-26df3]:InitAmGmm():gmm-init-model.cc:83) Very small count for state 226: 6; corresponding phone list: 206 207 208 209 
WARNING (gmm-init-model[5.3.76~1-26df3]:InitAmGmm():gmm-init-model.cc:83) Very small count for state 228: 54; corresponding phone list: 22 23 24 25 
WARNING (gmm-init-model[5.3.76~1-26df3]:InitAmGmm():gmm-init-model.cc:83) Very small count for state 243: 66; corresponding phone list: 90 91 92 93 
WARNING (gmm-init-model[5.3.76~1-26df3]:InitAmGmm():gmm-init-model.cc:83) Very small count for state 247: 6; corresponding phone list: 154 155 156 157 
WARNING (gmm-init-model[5.3.76~1-26df3]:InitAmGmm():gmm-init-model.cc:83) Very small count for state 252: 60; corresponding phone list: 90 91 92 93 
WARNING (gmm-init-model[5.3.76~1-26df3]:InitAmGmm():gmm-init-model.cc:83) Very small count for state 253: 42; corresponding phone list: 194 195 196 197 
WARNING (gmm-init-model[5.3.76~1-26df3]:InitAmGmm():gmm-init-model.cc:83) Very small count for state 256: 84; corresponding phone list: 42 43 44 45 
WARNING (gmm-init-model[5.3.76~1-26df3]:InitAmGmm():gmm-init-model.cc:83) Very small count for state 259: 90; corresponding phone list: 94 95 96 97 
WARNING (gmm-init-model[5.3.76~1-26df3]:InitAmGmm():gmm-init-model.cc:83) Very small count for state 262: 78; corresponding phone list: 162 163 164 165 
WARNING (gmm-init-model[5.3.76~1-26df3]:InitAmGmm():gmm-init-model.cc:83) Very small count for state 265: 6; corresponding phone list: 50 51 52 53 
WARNING (gmm-init-model[5.3.76~1-26df3]:InitAmGmm():gmm-init-model.cc:83) Very small count for state 267: 66; corresponding phone list: 14 15 16 17 
WARNING (gmm-init-model[5.3.76~1-26df3]:InitAmGmm():gmm-init-model.cc:83) Very small count for state 268: 18; corresponding phone list: 50 51 52 53 
WARNING (gmm-init-model[5.3.76~1-26df3]:InitAmGmm():gmm-init-model.cc:83) Very small count for state 270: 54; corresponding phone list: 38 39 40 41 
WARNING (gmm-init-model[5.3.76~1-26df3]:InitAmGmm():gmm-init-model.cc:83) Very small count for state 272: 54; corresponding phone list: 14 15 16 17 
WARNING (gmm-init-model[5.3.76~1-26df3]:InitAmGmm():gmm-init-model.cc:83) Very small count for state 273: 54; corresponding phone list: 162 163 164 165 
WARNING (gmm-init-model[5.3.76~1-26df3]:InitAmGmm():gmm-init-model.cc:83) Very small count for state 276: 66; corresponding phone list: 42 43 44 45 
WARNING (gmm-init-model[5.3.76~1-26df3]:InitAmGmm():gmm-init-model.cc:83) Very small count for state 279: 12; corresponding phone list: 14 15 16 17 
WARNING (gmm-init-model[5.3.76~1-26df3]:InitAmGmm():gmm-init-model.cc:83) Very small count for state 282: 36; corresponding phone list: 14 15 16 17 
WARNING (gmm-init-model[5.3.76~1-26df3]:InitAmGmm():gmm-init-model.cc:83) Very small count for state 283: 48; corresponding phone list: 14 15 16 17 
WARNING (gmm-init-model[5.3.76~1-26df3]:InitAmGmm():gmm-init-model.cc:83) Very small count for state 285: 18; corresponding phone list: 50 51 52 53 
WARNING (gmm-init-model[5.3.76~1-26df3]:InitAmGmm():gmm-init-model.cc:83) Very small count for state 291: 84; corresponding phone list: 206 207 208 209 
WARNING (gmm-init-model[5.3.76~1-26df3]:InitAmGmm():gmm-init-model.cc:83) Very small count for state 293: 54; corresponding phone list: 90 91 92 93 
WARNING (gmm-init-model[5.3.76~1-26df3]:InitAmGmm():gmm-init-model.cc:83) Very small count for state 306: 66; corresponding phone list: 74 75 76 77 
WARNING (gmm-init-model[5.3.76~1-26df3]:InitAmGmm():gmm-init-model.cc:83) Very small count for state 308: 78; corresponding phone list: 14 15 16 17 
WARNING (gmm-init-model[5.3.76~1-26df3]:InitAmGmm():gmm-init-model.cc:83) Very small count for state 309: 36; corresponding phone list: 14 15 16 17 
WARNING (gmm-init-model[5.3.76~1-26df3]:InitAmGmm():gmm-init-model.cc:83) Very small count for state 310: 90; corresponding phone list: 38 39 40 41 
WARNING (gmm-init-model[5.3.76~1-26df3]:InitAmGmm():gmm-init-model.cc:83) Very small count for state 320: 84; corresponding phone list: 74 75 76 77 
WARNING (gmm-init-model[5.3.76~1-26df3]:InitAmGmm():gmm-init-model.cc:83) Very small count for state 323: 48; corresponding phone list: 154 155 156 157 
WARNING (gmm-init-model[5.3.76~1-26df3]:InitAmGmm():gmm-init-model.cc:83) Very small count for state 324: 30; corresponding phone list: 38 39 40 41 
WARNING (gmm-init-model[5.3.76~1-26df3]:InitAmGmm():gmm-init-model.cc:83) Very small count for state 325: 48; corresponding phone list: 162 163 164 165 
WARNING (gmm-init-model[5.3.76~1-26df3]:InitAmGmm():gmm-init-model.cc:83) Very small count for state 334: 84; corresponding phone list: 42 43 44 45 
WARNING (gmm-init-model[5.3.76~1-26df3]:InitAmGmm():gmm-init-model.cc:83) Very small count for state 336: 78; corresponding phone list: 42 43 44 45 
WARNING (gmm-init-model[5.3.76~1-26df3]:InitAmGmm():gmm-init-model.cc:83) Very small count for state 337: 66; corresponding phone list: 42 43 44 45 
WARNING (gmm-init-model[5.3.76~1-26df3]:InitAmGmm():gmm-init-model.cc:83) Very small count for state 340: 90; corresponding phone list: 142 143 144 145 
WARNING (gmm-init-model[5.3.76~1-26df3]:InitAmGmm():gmm-init-model.cc:83) Very small count for state 342: 18; corresponding phone list: 14 15 16 17 
WARNING (gmm-init-model[5.3.76~1-26df3]:InitAmGmm():gmm-init-model.cc:83) Very small count for state 343: 60; corresponding phone list: 22 23 24 25 
WARNING (gmm-init-model[5.3.76~1-26df3]:InitAmGmm():gmm-init-model.cc:83) Very small count for state 350: 66; corresponding phone list: 14 15 16 17 
WARNING (gmm-init-model[5.3.76~1-26df3]:InitAmGmm():gmm-init-model.cc:83) Very small count for state 351: 84; corresponding phone list: 142 143 144 145 
WARNING (gmm-init-model[5.3.76~1-26df3]:InitAmGmm():gmm-init-model.cc:83) Very small count for state 352: 28; corresponding phone list: 38 39 40 41 
WARNING (gmm-init-model[5.3.76~1-26df3]:InitAmGmm():gmm-init-model.cc:83) Very small count for state 357: 72; corresponding phone list: 206 207 208 209 
WARNING (gmm-init-model[5.3.76~1-26df3]:InitAmGmm():gmm-init-model.cc:83) Very small count for state 360: 18; corresponding phone list: 130 131 132 133 
WARNING (gmm-init-model[5.3.76~1-26df3]:InitAmGmm():gmm-init-model.cc:83) Very small count for state 366: 54; corresponding phone list: 66 67 68 69 
WARNING (gmm-init-model[5.3.76~1-26df3]:InitAmGmm():gmm-init-model.cc:83) Very small count for state 367: 66; corresponding phone list: 78 79 80 81 
LOG (gmm-init-model[5.3.76~1-26df3]:main():gmm-init-model.cc:306) Wrote model.
# Accounting: time=0 threads=1
# Ended (code 0) at Fri Mar 30 11:01:57 CST 2018, elapsed time 0 seconds
