# gmm-est --mix-up=16000 --power=0.25 --write-occs=exp_FG/tri_8_2000/27.occs exp_FG/tri_8_2000/26.mdl "gmm-sum-accs - exp_FG/tri_8_2000/26.*.acc |" exp_FG/tri_8_2000/27.mdl 
# Started at Fri Mar 30 11:03:10 CST 2018
#
gmm-est --mix-up=16000 --power=0.25 --write-occs=exp_FG/tri_8_2000/27.occs exp_FG/tri_8_2000/26.mdl 'gmm-sum-accs - exp_FG/tri_8_2000/26.*.acc |' exp_FG/tri_8_2000/27.mdl 
gmm-sum-accs - exp_FG/tri_8_2000/26.1.acc exp_FG/tri_8_2000/26.10.acc exp_FG/tri_8_2000/26.11.acc exp_FG/tri_8_2000/26.12.acc exp_FG/tri_8_2000/26.13.acc exp_FG/tri_8_2000/26.14.acc exp_FG/tri_8_2000/26.15.acc exp_FG/tri_8_2000/26.16.acc exp_FG/tri_8_2000/26.17.acc exp_FG/tri_8_2000/26.18.acc exp_FG/tri_8_2000/26.2.acc exp_FG/tri_8_2000/26.3.acc exp_FG/tri_8_2000/26.4.acc exp_FG/tri_8_2000/26.5.acc exp_FG/tri_8_2000/26.6.acc exp_FG/tri_8_2000/26.7.acc exp_FG/tri_8_2000/26.8.acc exp_FG/tri_8_2000/26.9.acc 
LOG (gmm-sum-accs[5.3.76~1-26df3]:main():gmm-sum-accs.cc:63) Summed 18 stats, total count 155532, avg like/frame -64.2586
LOG (gmm-sum-accs[5.3.76~1-26df3]:main():gmm-sum-accs.cc:66) Total count of stats is 155532
LOG (gmm-sum-accs[5.3.76~1-26df3]:main():gmm-sum-accs.cc:67) Written stats to -
LOG (gmm-est[5.3.76~1-26df3]:MleUpdate():transition-model.cc:517) TransitionModel::Update, objf change is 0 per frame over 155532 frames. 
LOG (gmm-est[5.3.76~1-26df3]:MleUpdate():transition-model.cc:520) 44 probabilities floored, 1134 out of 1511 transition-states skipped due to insuffient data (it is normal to have some skipped.)
LOG (gmm-est[5.3.76~1-26df3]:main():gmm-est.cc:102) Transition model update: Overall 0 log-like improvement per frame over 155532 frames.
WARNING (gmm-est[5.3.76~1-26df3]:MleDiagGmmUpdate():mle-diag-gmm.cc:365) Gaussian has too little data but not removing it because it is the last Gaussian: i = 0, occ = 6, weight = 1
WARNING (gmm-est[5.3.76~1-26df3]:MleDiagGmmUpdate():mle-diag-gmm.cc:365) Gaussian has too little data but not removing it because it is the last Gaussian: i = 0, occ = 6, weight = 1
WARNING (gmm-est[5.3.76~1-26df3]:MleDiagGmmUpdate():mle-diag-gmm.cc:365) Gaussian has too little data but not removing it because it is the last Gaussian: i = 0, occ = 6, weight = 1
WARNING (gmm-est[5.3.76~1-26df3]:MleDiagGmmUpdate():mle-diag-gmm.cc:365) Gaussian has too little data but not removing it because it is the last Gaussian: i = 0, occ = 6, weight = 1
WARNING (gmm-est[5.3.76~1-26df3]:MleDiagGmmUpdate():mle-diag-gmm.cc:365) Gaussian has too little data but not removing it because it is the last Gaussian: i = 0, occ = 6, weight = 1
WARNING (gmm-est[5.3.76~1-26df3]:MleDiagGmmUpdate():mle-diag-gmm.cc:365) Gaussian has too little data but not removing it because it is the last Gaussian: i = 0, occ = 6, weight = 1
WARNING (gmm-est[5.3.76~1-26df3]:MleDiagGmmUpdate():mle-diag-gmm.cc:365) Gaussian has too little data but not removing it because it is the last Gaussian: i = 0, occ = 6, weight = 1
WARNING (gmm-est[5.3.76~1-26df3]:MleDiagGmmUpdate():mle-diag-gmm.cc:365) Gaussian has too little data but not removing it because it is the last Gaussian: i = 0, occ = 6, weight = 1
WARNING (gmm-est[5.3.76~1-26df3]:MleDiagGmmUpdate():mle-diag-gmm.cc:365) Gaussian has too little data but not removing it because it is the last Gaussian: i = 0, occ = 6, weight = 1
WARNING (gmm-est[5.3.76~1-26df3]:MleDiagGmmUpdate():mle-diag-gmm.cc:365) Gaussian has too little data but not removing it because it is the last Gaussian: i = 0, occ = 6, weight = 1
WARNING (gmm-est[5.3.76~1-26df3]:MleDiagGmmUpdate():mle-diag-gmm.cc:365) Gaussian has too little data but not removing it because it is the last Gaussian: i = 0, occ = 6, weight = 1
WARNING (gmm-est[5.3.76~1-26df3]:MleDiagGmmUpdate():mle-diag-gmm.cc:365) Gaussian has too little data but not removing it because it is the last Gaussian: i = 0, occ = 6, weight = 1
WARNING (gmm-est[5.3.76~1-26df3]:MleDiagGmmUpdate():mle-diag-gmm.cc:365) Gaussian has too little data but not removing it because it is the last Gaussian: i = 0, occ = 6, weight = 1
WARNING (gmm-est[5.3.76~1-26df3]:MleDiagGmmUpdate():mle-diag-gmm.cc:365) Gaussian has too little data but not removing it because it is the last Gaussian: i = 0, occ = 6, weight = 1
WARNING (gmm-est[5.3.76~1-26df3]:MleDiagGmmUpdate():mle-diag-gmm.cc:365) Gaussian has too little data but not removing it because it is the last Gaussian: i = 0, occ = 6, weight = 1
WARNING (gmm-est[5.3.76~1-26df3]:MleDiagGmmUpdate():mle-diag-gmm.cc:365) Gaussian has too little data but not removing it because it is the last Gaussian: i = 0, occ = 6, weight = 1
WARNING (gmm-est[5.3.76~1-26df3]:MleDiagGmmUpdate():mle-diag-gmm.cc:365) Gaussian has too little data but not removing it because it is the last Gaussian: i = 0, occ = 6, weight = 1
LOG (gmm-est[5.3.76~1-26df3]:MleAmDiagGmmUpdate():mle-am-diag-gmm.cc:225) 989 variance elements floored in 775 Gaussians, out of 7616
LOG (gmm-est[5.3.76~1-26df3]:MleAmDiagGmmUpdate():mle-am-diag-gmm.cc:229) Removed 0 Gaussians due to counts < --min-gaussian-occupancy=10 and --remove-low-count-gaussians=true
LOG (gmm-est[5.3.76~1-26df3]:main():gmm-est.cc:113) GMM update: Overall 0.00144373 objective function improvement per frame over 155532 frames
LOG (gmm-est[5.3.76~1-26df3]:main():gmm-est.cc:116) GMM update: Overall avg like per frame = -64.2586 over 155532 frames.
WARNING (gmm-est[5.3.76~1-26df3]:GetSplitTargets():model-common.cc:134) Could not split up to 16000 due to min-count = 20 (or no counts at all)
LOG (gmm-est[5.3.76~1-26df3]:SplitByCount():am-diag-gmm.cc:116) Split 368 states with target = 16000, power = 0.25, perturb_factor = 0.01 and min_count = 20, split #Gauss from 7616 to 7616
LOG (gmm-est[5.3.76~1-26df3]:main():gmm-est.cc:146) Written model to exp_FG/tri_8_2000/27.mdl
# Accounting: time=0 threads=1
# Ended (code 0) at Fri Mar 30 11:03:10 CST 2018, elapsed time 0 seconds
