# gmm-est --mix-up=9840 --power=0.25 --write-occs=exp_FG/tri_8_2000/16.occs exp_FG/tri_8_2000/15.mdl "gmm-sum-accs - exp_FG/tri_8_2000/15.*.acc |" exp_FG/tri_8_2000/16.mdl 
# Started at Fri Mar 30 11:02:34 CST 2018
#
gmm-est --mix-up=9840 --power=0.25 --write-occs=exp_FG/tri_8_2000/16.occs exp_FG/tri_8_2000/15.mdl 'gmm-sum-accs - exp_FG/tri_8_2000/15.*.acc |' exp_FG/tri_8_2000/16.mdl 
gmm-sum-accs - exp_FG/tri_8_2000/15.1.acc exp_FG/tri_8_2000/15.10.acc exp_FG/tri_8_2000/15.11.acc exp_FG/tri_8_2000/15.12.acc exp_FG/tri_8_2000/15.13.acc exp_FG/tri_8_2000/15.14.acc exp_FG/tri_8_2000/15.15.acc exp_FG/tri_8_2000/15.16.acc exp_FG/tri_8_2000/15.17.acc exp_FG/tri_8_2000/15.18.acc exp_FG/tri_8_2000/15.2.acc exp_FG/tri_8_2000/15.3.acc exp_FG/tri_8_2000/15.4.acc exp_FG/tri_8_2000/15.5.acc exp_FG/tri_8_2000/15.6.acc exp_FG/tri_8_2000/15.7.acc exp_FG/tri_8_2000/15.8.acc exp_FG/tri_8_2000/15.9.acc 
LOG (gmm-sum-accs[5.3.76~1-26df3]:main():gmm-sum-accs.cc:63) Summed 18 stats, total count 155532, avg like/frame -64.893
LOG (gmm-sum-accs[5.3.76~1-26df3]:main():gmm-sum-accs.cc:66) Total count of stats is 155532
LOG (gmm-sum-accs[5.3.76~1-26df3]:main():gmm-sum-accs.cc:67) Written stats to -
LOG (gmm-est[5.3.76~1-26df3]:MleUpdate():transition-model.cc:517) TransitionModel::Update, objf change is 0 per frame over 155532 frames. 
LOG (gmm-est[5.3.76~1-26df3]:MleUpdate():transition-model.cc:520) 44 probabilities floored, 1134 out of 1511 transition-states skipped due to insuffient data (it is normal to have some skipped.)
LOG (gmm-est[5.3.76~1-26df3]:main():gmm-est.cc:102) Transition model update: Overall 0 log-like improvement per frame over 155532 frames.
WARNING (gmm-est[5.3.76~1-26df3]:MleDiagGmmUpdate():mle-diag-gmm.cc:359) Too little data - removing Gaussian (weight 0.003620, occupation count 9.979040, vector size 39)
WARNING (gmm-est[5.3.76~1-26df3]:MleDiagGmmUpdate():mle-diag-gmm.cc:365) Gaussian has too little data but not removing it because it is the last Gaussian: i = 0, occ = 6, weight = 1
WARNING (gmm-est[5.3.76~1-26df3]:MleDiagGmmUpdate():mle-diag-gmm.cc:365) Gaussian has too little data but not removing it because it is the last Gaussian: i = 0, occ = 6, weight = 1
WARNING (gmm-est[5.3.76~1-26df3]:MleDiagGmmUpdate():mle-diag-gmm.cc:359) Too little data - removing Gaussian (weight 0.004743, occupation count 9.557557, vector size 39)
WARNING (gmm-est[5.3.76~1-26df3]:MleDiagGmmUpdate():mle-diag-gmm.cc:365) Gaussian has too little data but not removing it because it is the last Gaussian: i = 0, occ = 6, weight = 1
WARNING (gmm-est[5.3.76~1-26df3]:MleDiagGmmUpdate():mle-diag-gmm.cc:365) Gaussian has too little data but not removing it because it is the last Gaussian: i = 0, occ = 6, weight = 1
WARNING (gmm-est[5.3.76~1-26df3]:MleDiagGmmUpdate():mle-diag-gmm.cc:359) Too little data - removing Gaussian (weight 0.004417, occupation count 10.000000, vector size 39)
WARNING (gmm-est[5.3.76~1-26df3]:MleDiagGmmUpdate():mle-diag-gmm.cc:365) Gaussian has too little data but not removing it because it is the last Gaussian: i = 0, occ = 6, weight = 1
WARNING (gmm-est[5.3.76~1-26df3]:MleDiagGmmUpdate():mle-diag-gmm.cc:359) Too little data - removing Gaussian (weight 0.003181, occupation count 6.126122, vector size 39)
WARNING (gmm-est[5.3.76~1-26df3]:MleDiagGmmUpdate():mle-diag-gmm.cc:365) Gaussian has too little data but not removing it because it is the last Gaussian: i = 0, occ = 6, weight = 1
WARNING (gmm-est[5.3.76~1-26df3]:MleDiagGmmUpdate():mle-diag-gmm.cc:365) Gaussian has too little data but not removing it because it is the last Gaussian: i = 0, occ = 6, weight = 1
WARNING (gmm-est[5.3.76~1-26df3]:MleDiagGmmUpdate():mle-diag-gmm.cc:359) Too little data - removing Gaussian (weight 0.003519, occupation count 9.543024, vector size 39)
WARNING (gmm-est[5.3.76~1-26df3]:MleDiagGmmUpdate():mle-diag-gmm.cc:365) Gaussian has too little data but not removing it because it is the last Gaussian: i = 0, occ = 6, weight = 1
WARNING (gmm-est[5.3.76~1-26df3]:MleDiagGmmUpdate():mle-diag-gmm.cc:365) Gaussian has too little data but not removing it because it is the last Gaussian: i = 0, occ = 6, weight = 1
WARNING (gmm-est[5.3.76~1-26df3]:MleDiagGmmUpdate():mle-diag-gmm.cc:359) Too little data - removing Gaussian (weight 0.003482, occupation count 6.320018, vector size 39)
WARNING (gmm-est[5.3.76~1-26df3]:MleDiagGmmUpdate():mle-diag-gmm.cc:365) Gaussian has too little data but not removing it because it is the last Gaussian: i = 0, occ = 6, weight = 1
WARNING (gmm-est[5.3.76~1-26df3]:MleDiagGmmUpdate():mle-diag-gmm.cc:365) Gaussian has too little data but not removing it because it is the last Gaussian: i = 0, occ = 6, weight = 1
WARNING (gmm-est[5.3.76~1-26df3]:MleDiagGmmUpdate():mle-diag-gmm.cc:365) Gaussian has too little data but not removing it because it is the last Gaussian: i = 0, occ = 6, weight = 1
WARNING (gmm-est[5.3.76~1-26df3]:MleDiagGmmUpdate():mle-diag-gmm.cc:359) Too little data - removing Gaussian (weight 0.004784, occupation count 6.759565, vector size 39)
WARNING (gmm-est[5.3.76~1-26df3]:MleDiagGmmUpdate():mle-diag-gmm.cc:359) Too little data - removing Gaussian (weight 0.003687, occupation count 8.169308, vector size 39)
WARNING (gmm-est[5.3.76~1-26df3]:MleDiagGmmUpdate():mle-diag-gmm.cc:365) Gaussian has too little data but not removing it because it is the last Gaussian: i = 0, occ = 6, weight = 1
WARNING (gmm-est[5.3.76~1-26df3]:MleDiagGmmUpdate():mle-diag-gmm.cc:359) Too little data - removing Gaussian (weight 0.003042, occupation count 8.999566, vector size 39)
WARNING (gmm-est[5.3.76~1-26df3]:MleDiagGmmUpdate():mle-diag-gmm.cc:365) Gaussian has too little data but not removing it because it is the last Gaussian: i = 0, occ = 6, weight = 1
WARNING (gmm-est[5.3.76~1-26df3]:MleDiagGmmUpdate():mle-diag-gmm.cc:365) Gaussian has too little data but not removing it because it is the last Gaussian: i = 0, occ = 6, weight = 1
WARNING (gmm-est[5.3.76~1-26df3]:MleDiagGmmUpdate():mle-diag-gmm.cc:365) Gaussian has too little data but not removing it because it is the last Gaussian: i = 0, occ = 6, weight = 1
WARNING (gmm-est[5.3.76~1-26df3]:MleDiagGmmUpdate():mle-diag-gmm.cc:365) Gaussian has too little data but not removing it because it is the last Gaussian: i = 0, occ = 6, weight = 1
WARNING (gmm-est[5.3.76~1-26df3]:MleDiagGmmUpdate():mle-diag-gmm.cc:359) Too little data - removing Gaussian (weight 0.001123, occupation count 6.022868, vector size 39)
WARNING (gmm-est[5.3.76~1-26df3]:MleDiagGmmUpdate():mle-diag-gmm.cc:359) Too little data - removing Gaussian (weight 0.001729, occupation count 9.267911, vector size 39)
WARNING (gmm-est[5.3.76~1-26df3]:MleDiagGmmUpdate():mle-diag-gmm.cc:359) Too little data - removing Gaussian (weight 0.001810, occupation count 9.705351, vector size 39)
WARNING (gmm-est[5.3.76~1-26df3]:MleDiagGmmUpdate():mle-diag-gmm.cc:359) Too little data - removing Gaussian (weight 0.001445, occupation count 7.746775, vector size 39)
WARNING (gmm-est[5.3.76~1-26df3]:MleDiagGmmUpdate():mle-diag-gmm.cc:359) Too little data - removing Gaussian (weight 0.001517, occupation count 8.131894, vector size 39)
WARNING (gmm-est[5.3.76~1-26df3]:MleDiagGmmUpdate():mle-diag-gmm.cc:359) Too little data - removing Gaussian (weight 0.001142, occupation count 6.123713, vector size 39)
WARNING (gmm-est[5.3.76~1-26df3]:MleDiagGmmUpdate():mle-diag-gmm.cc:359) Too little data - removing Gaussian (weight 0.001165, occupation count 6.246733, vector size 39)
WARNING (gmm-est[5.3.76~1-26df3]:MleDiagGmmUpdate():mle-diag-gmm.cc:359) Too little data - removing Gaussian (weight 0.001284, occupation count 6.884272, vector size 39)
WARNING (gmm-est[5.3.76~1-26df3]:MleDiagGmmUpdate():mle-diag-gmm.cc:359) Too little data - removing Gaussian (weight 0.001262, occupation count 6.766440, vector size 39)
LOG (gmm-est[5.3.76~1-26df3]:MleAmDiagGmmUpdate():mle-am-diag-gmm.cc:225) 936 variance elements floored in 732 Gaussians, out of 7597
LOG (gmm-est[5.3.76~1-26df3]:MleAmDiagGmmUpdate():mle-am-diag-gmm.cc:229) Removed 18 Gaussians due to counts < --min-gaussian-occupancy=10 and --remove-low-count-gaussians=true
LOG (gmm-est[5.3.76~1-26df3]:main():gmm-est.cc:113) GMM update: Overall 0.276058 objective function improvement per frame over 155532 frames
LOG (gmm-est[5.3.76~1-26df3]:main():gmm-est.cc:116) GMM update: Overall avg like per frame = -64.893 over 155532 frames.
WARNING (gmm-est[5.3.76~1-26df3]:GetSplitTargets():model-common.cc:134) Could not split up to 9840 due to min-count = 20 (or no counts at all)
LOG (gmm-est[5.3.76~1-26df3]:SplitByCount():am-diag-gmm.cc:116) Split 368 states with target = 9840, power = 0.25, perturb_factor = 0.01 and min_count = 20, split #Gauss from 7597 to 7615
LOG (gmm-est[5.3.76~1-26df3]:main():gmm-est.cc:146) Written model to exp_FG/tri_8_2000/16.mdl
# Accounting: time=0 threads=1
# Ended (code 0) at Fri Mar 30 11:02:34 CST 2018, elapsed time 0 seconds
