# gmm-est --mix-up=12640 --power=0.25 --write-occs=exp_FG/tri_8_2000/21.occs exp_FG/tri_8_2000/20.mdl "gmm-sum-accs - exp_FG/tri_8_2000/20.*.acc |" exp_FG/tri_8_2000/21.mdl 
# Started at Fri Mar 30 11:02:56 CST 2018
#
gmm-est --mix-up=12640 --power=0.25 --write-occs=exp_FG/tri_8_2000/21.occs exp_FG/tri_8_2000/20.mdl 'gmm-sum-accs - exp_FG/tri_8_2000/20.*.acc |' exp_FG/tri_8_2000/21.mdl 
gmm-sum-accs - exp_FG/tri_8_2000/20.1.acc exp_FG/tri_8_2000/20.10.acc exp_FG/tri_8_2000/20.11.acc exp_FG/tri_8_2000/20.12.acc exp_FG/tri_8_2000/20.13.acc exp_FG/tri_8_2000/20.14.acc exp_FG/tri_8_2000/20.15.acc exp_FG/tri_8_2000/20.16.acc exp_FG/tri_8_2000/20.17.acc exp_FG/tri_8_2000/20.18.acc exp_FG/tri_8_2000/20.2.acc exp_FG/tri_8_2000/20.3.acc exp_FG/tri_8_2000/20.4.acc exp_FG/tri_8_2000/20.5.acc exp_FG/tri_8_2000/20.6.acc exp_FG/tri_8_2000/20.7.acc exp_FG/tri_8_2000/20.8.acc exp_FG/tri_8_2000/20.9.acc 
LOG (gmm-sum-accs[5.3.76~1-26df3]:main():gmm-sum-accs.cc:63) Summed 18 stats, total count 155532, avg like/frame -64.2914
LOG (gmm-sum-accs[5.3.76~1-26df3]:main():gmm-sum-accs.cc:66) Total count of stats is 155532
LOG (gmm-sum-accs[5.3.76~1-26df3]:main():gmm-sum-accs.cc:67) Written stats to -
LOG (gmm-est[5.3.76~1-26df3]:MleUpdate():transition-model.cc:517) TransitionModel::Update, objf change is 1.83582e-05 per frame over 155532 frames. 
LOG (gmm-est[5.3.76~1-26df3]:MleUpdate():transition-model.cc:520) 44 probabilities floored, 1134 out of 1511 transition-states skipped due to insuffient data (it is normal to have some skipped.)
LOG (gmm-est[5.3.76~1-26df3]:main():gmm-est.cc:102) Transition model update: Overall 1.83582e-05 log-like improvement per frame over 155532 frames.
WARNING (gmm-est[5.3.76~1-26df3]:MleDiagGmmUpdate():mle-diag-gmm.cc:365) Gaussian has too little data but not removing it because it is the last Gaussian: i = 0, occ = 6, weight = 1
WARNING (gmm-est[5.3.76~1-26df3]:MleDiagGmmUpdate():mle-diag-gmm.cc:365) Gaussian has too little data but not removing it because it is the last Gaussian: i = 0, occ = 6, weight = 1
WARNING (gmm-est[5.3.76~1-26df3]:MleDiagGmmUpdate():mle-diag-gmm.cc:365) Gaussian has too little data but not removing it because it is the last Gaussian: i = 0, occ = 6, weight = 1
WARNING (gmm-est[5.3.76~1-26df3]:MleDiagGmmUpdate():mle-diag-gmm.cc:365) Gaussian has too little data but not removing it because it is the last Gaussian: i = 0, occ = 6, weight = 1
WARNING (gmm-est[5.3.76~1-26df3]:MleDiagGmmUpdate():mle-diag-gmm.cc:365) Gaussian has too little data but not removing it because it is the last Gaussian: i = 0, occ = 6, weight = 1
WARNING (gmm-est[5.3.76~1-26df3]:MleDiagGmmUpdate():mle-diag-gmm.cc:365) Gaussian has too little data but not removing it because it is the last Gaussian: i = 0, occ = 6, weight = 1
WARNING (gmm-est[5.3.76~1-26df3]:MleDiagGmmUpdate():mle-diag-gmm.cc:365) Gaussian has too little data but not removing it because it is the last Gaussian: i = 0, occ = 6, weight = 1
WARNING (gmm-est[5.3.76~1-26df3]:MleDiagGmmUpdate():mle-diag-gmm.cc:365) Gaussian has too little data but not removing it because it is the last Gaussian: i = 0, occ = 6, weight = 1
WARNING (gmm-est[5.3.76~1-26df3]:MleDiagGmmUpdate():mle-diag-gmm.cc:365) Gaussian has too little data but not removing it because it is the last Gaussian: i = 0, occ = 6, weight = 1
WARNING (gmm-est[5.3.76~1-26df3]:MleDiagGmmUpdate():mle-diag-gmm.cc:365) Gaussian has too little data but not removing it because it is the last Gaussian: i = 0, occ = 6, weight = 1
WARNING (gmm-est[5.3.76~1-26df3]:MleDiagGmmUpdate():mle-diag-gmm.cc:365) Gaussian has too little data but not removing it because it is the last Gaussian: i = 0, occ = 6, weight = 1
WARNING (gmm-est[5.3.76~1-26df3]:MleDiagGmmUpdate():mle-diag-gmm.cc:365) Gaussian has too little data but not removing it because it is the last Gaussian: i = 0, occ = 6, weight = 1
WARNING (gmm-est[5.3.76~1-26df3]:MleDiagGmmUpdate():mle-diag-gmm.cc:365) Gaussian has too little data but not removing it because it is the last Gaussian: i = 0, occ = 6, weight = 1
WARNING (gmm-est[5.3.76~1-26df3]:MleDiagGmmUpdate():mle-diag-gmm.cc:365) Gaussian has too little data but not removing it because it is the last Gaussian: i = 0, occ = 6, weight = 1
WARNING (gmm-est[5.3.76~1-26df3]:MleDiagGmmUpdate():mle-diag-gmm.cc:365) Gaussian has too little data but not removing it because it is the last Gaussian: i = 0, occ = 6, weight = 1
WARNING (gmm-est[5.3.76~1-26df3]:MleDiagGmmUpdate():mle-diag-gmm.cc:365) Gaussian has too little data but not removing it because it is the last Gaussian: i = 0, occ = 6, weight = 1
WARNING (gmm-est[5.3.76~1-26df3]:MleDiagGmmUpdate():mle-diag-gmm.cc:365) Gaussian has too little data but not removing it because it is the last Gaussian: i = 0, occ = 6, weight = 1
LOG (gmm-est[5.3.76~1-26df3]:MleAmDiagGmmUpdate():mle-am-diag-gmm.cc:225) 990 variance elements floored in 776 Gaussians, out of 7615
LOG (gmm-est[5.3.76~1-26df3]:MleAmDiagGmmUpdate():mle-am-diag-gmm.cc:229) Removed 0 Gaussians due to counts < --min-gaussian-occupancy=10 and --remove-low-count-gaussians=true
LOG (gmm-est[5.3.76~1-26df3]:main():gmm-est.cc:113) GMM update: Overall 0.0176439 objective function improvement per frame over 155532 frames
LOG (gmm-est[5.3.76~1-26df3]:main():gmm-est.cc:116) GMM update: Overall avg like per frame = -64.2914 over 155532 frames.
WARNING (gmm-est[5.3.76~1-26df3]:GetSplitTargets():model-common.cc:134) Could not split up to 12640 due to min-count = 20 (or no counts at all)
LOG (gmm-est[5.3.76~1-26df3]:SplitByCount():am-diag-gmm.cc:116) Split 368 states with target = 12640, power = 0.25, perturb_factor = 0.01 and min_count = 20, split #Gauss from 7615 to 7616
LOG (gmm-est[5.3.76~1-26df3]:main():gmm-est.cc:146) Written model to exp_FG/tri_8_2000/21.mdl
# Accounting: time=0 threads=1
# Ended (code 0) at Fri Mar 30 11:02:56 CST 2018, elapsed time 0 seconds
