# gmm-est --write-occs=exp_FG/mono/29.occs --mix-up=915 --power=0.25 exp_FG/mono/28.mdl "gmm-sum-accs - exp_FG/mono/28.*.acc|" exp_FG/mono/29.mdl 
# Started at Fri Mar 30 11:00:55 CST 2018
#
gmm-est --write-occs=exp_FG/mono/29.occs --mix-up=915 --power=0.25 exp_FG/mono/28.mdl 'gmm-sum-accs - exp_FG/mono/28.*.acc|' exp_FG/mono/29.mdl 
gmm-sum-accs - exp_FG/mono/28.1.acc exp_FG/mono/28.10.acc exp_FG/mono/28.11.acc exp_FG/mono/28.12.acc exp_FG/mono/28.13.acc exp_FG/mono/28.14.acc exp_FG/mono/28.15.acc exp_FG/mono/28.16.acc exp_FG/mono/28.17.acc exp_FG/mono/28.18.acc exp_FG/mono/28.2.acc exp_FG/mono/28.3.acc exp_FG/mono/28.4.acc exp_FG/mono/28.5.acc exp_FG/mono/28.6.acc exp_FG/mono/28.7.acc exp_FG/mono/28.8.acc exp_FG/mono/28.9.acc 
LOG (gmm-sum-accs[5.3.76~1-26df3]:main():gmm-sum-accs.cc:63) Summed 18 stats, total count 155532, avg like/frame -88.083
LOG (gmm-sum-accs[5.3.76~1-26df3]:main():gmm-sum-accs.cc:66) Total count of stats is 155532
LOG (gmm-sum-accs[5.3.76~1-26df3]:main():gmm-sum-accs.cc:67) Written stats to -
LOG (gmm-est[5.3.76~1-26df3]:MleUpdate():transition-model.cc:517) TransitionModel::Update, objf change is 0 per frame over 155532 frames. 
LOG (gmm-est[5.3.76~1-26df3]:MleUpdate():transition-model.cc:520) 7 probabilities floored, 459 out of 639 transition-states skipped due to insuffient data (it is normal to have some skipped.)
LOG (gmm-est[5.3.76~1-26df3]:main():gmm-est.cc:102) Transition model update: Overall 0 log-like improvement per frame over 155532 frames.
WARNING (gmm-est[5.3.76~1-26df3]:MleDiagGmmUpdate():mle-diag-gmm.cc:359) Too little data - removing Gaussian (weight 0.055707, occupation count 6.684852, vector size 39)
LOG (gmm-est[5.3.76~1-26df3]:MleAmDiagGmmUpdate():mle-am-diag-gmm.cc:225) 0 variance elements floored in 0 Gaussians, out of 886
LOG (gmm-est[5.3.76~1-26df3]:MleAmDiagGmmUpdate():mle-am-diag-gmm.cc:229) Removed 1 Gaussians due to counts < --min-gaussian-occupancy=10 and --remove-low-count-gaussians=true
LOG (gmm-est[5.3.76~1-26df3]:main():gmm-est.cc:113) GMM update: Overall 0.120144 objective function improvement per frame over 155532 frames
LOG (gmm-est[5.3.76~1-26df3]:main():gmm-est.cc:116) GMM update: Overall avg like per frame = -88.083 over 155532 frames.
LOG (gmm-est[5.3.76~1-26df3]:SplitByCount():am-diag-gmm.cc:116) Split 159 states with target = 915, power = 0.25, perturb_factor = 0.01 and min_count = 20, split #Gauss from 886 to 915
LOG (gmm-est[5.3.76~1-26df3]:main():gmm-est.cc:146) Written model to exp_FG/mono/29.mdl
# Accounting: time=0 threads=1
# Ended (code 0) at Fri Mar 30 11:00:55 CST 2018, elapsed time 0 seconds
