# compile-train-graphs --read-disambig-syms=data/lang_bigram/phones/disambig.int exp_FG/mono_ali/tree exp_FG/mono_ali/final.mdl data/lang_bigram/L.fst "ark:utils/sym2int.pl --map-oov 1 -f 2- data/lang_bigram/words.txt data/train/split18/12/text|" ark:- | gmm-align-compiled --transition-scale=1.0 --acoustic-scale=0.1 --self-loop-scale=0.1 --beam=10 --retry-beam=40 --careful=false "gmm-boost-silence --boost=1.25 1 exp_FG/mono_ali/final.mdl - |" ark:- "ark,s,cs:apply-cmvn  --utt2spk=ark:data/train/split18/12/utt2spk scp:data/train/split18/12/cmvn.scp scp:data/train/split18/12/feats.scp ark:- | add-deltas  ark:- ark:- |" "ark,t:|gzip -c >exp_FG/mono_ali/ali.12.gz" 
# Started at Fri Mar 30 11:01:51 CST 2018
#
compile-train-graphs --read-disambig-syms=data/lang_bigram/phones/disambig.int exp_FG/mono_ali/tree exp_FG/mono_ali/final.mdl data/lang_bigram/L.fst 'ark:utils/sym2int.pl --map-oov 1 -f 2- data/lang_bigram/words.txt data/train/split18/12/text|' ark:- 
gmm-align-compiled --transition-scale=1.0 --acoustic-scale=0.1 --self-loop-scale=0.1 --beam=10 --retry-beam=40 --careful=false 'gmm-boost-silence --boost=1.25 1 exp_FG/mono_ali/final.mdl - |' ark:- 'ark,s,cs:apply-cmvn  --utt2spk=ark:data/train/split18/12/utt2spk scp:data/train/split18/12/cmvn.scp scp:data/train/split18/12/feats.scp ark:- | add-deltas  ark:- ark:- |' 'ark,t:|gzip -c >exp_FG/mono_ali/ali.12.gz' 
gmm-boost-silence --boost=1.25 1 exp_FG/mono_ali/final.mdl - 
WARNING (gmm-boost-silence[5.3.76~1-26df3]:main():gmm-boost-silence.cc:82) The pdfs for the silence phones may be shared by other phones (note: this probably does not matter.)
LOG (gmm-boost-silence[5.3.76~1-26df3]:main():gmm-boost-silence.cc:93) Boosted weights for 3 pdfs, by factor of 1.25
LOG (gmm-boost-silence[5.3.76~1-26df3]:main():gmm-boost-silence.cc:103) Wrote model to -
add-deltas ark:- ark:- 
apply-cmvn --utt2spk=ark:data/train/split18/12/utt2spk scp:data/train/split18/12/cmvn.scp scp:data/train/split18/12/feats.scp ark:- 
LOG (gmm-align-compiled[5.3.76~1-26df3]:main():gmm-align-compiled.cc:127) zh1112M0001
LOG (gmm-align-compiled[5.3.76~1-26df3]:main():gmm-align-compiled.cc:127) zh1112M0002
LOG (gmm-align-compiled[5.3.76~1-26df3]:main():gmm-align-compiled.cc:127) zh1112M0003
LOG (gmm-align-compiled[5.3.76~1-26df3]:main():gmm-align-compiled.cc:127) zh1112M0004
LOG (gmm-align-compiled[5.3.76~1-26df3]:main():gmm-align-compiled.cc:127) zh1112M0005
LOG (gmm-align-compiled[5.3.76~1-26df3]:main():gmm-align-compiled.cc:127) zh1112M0006
LOG (gmm-align-compiled[5.3.76~1-26df3]:main():gmm-align-compiled.cc:127) zh1112M0007
LOG (gmm-align-compiled[5.3.76~1-26df3]:main():gmm-align-compiled.cc:127) zh1112M0008
LOG (gmm-align-compiled[5.3.76~1-26df3]:main():gmm-align-compiled.cc:127) zh1112M0009
LOG (gmm-align-compiled[5.3.76~1-26df3]:main():gmm-align-compiled.cc:127) zh1112M0010
LOG (compile-train-graphs[5.3.76~1-26df3]:main():compile-train-graphs.cc:147) compile-train-graphs: succeeded for 31 graphs, failed for 0
LOG (gmm-align-compiled[5.3.76~1-26df3]:main():gmm-align-compiled.cc:127) zh1112M0011
LOG (gmm-align-compiled[5.3.76~1-26df3]:main():gmm-align-compiled.cc:127) zh1112M0012
LOG (gmm-align-compiled[5.3.76~1-26df3]:main():gmm-align-compiled.cc:127) zh1112M0013
LOG (gmm-align-compiled[5.3.76~1-26df3]:main():gmm-align-compiled.cc:127) zh1112M0014
LOG (gmm-align-compiled[5.3.76~1-26df3]:main():gmm-align-compiled.cc:127) zh1112M0015
LOG (gmm-align-compiled[5.3.76~1-26df3]:main():gmm-align-compiled.cc:127) zh1112M0016
LOG (gmm-align-compiled[5.3.76~1-26df3]:main():gmm-align-compiled.cc:127) zh1112M0017
LOG (gmm-align-compiled[5.3.76~1-26df3]:main():gmm-align-compiled.cc:127) zh1112M0018
LOG (gmm-align-compiled[5.3.76~1-26df3]:main():gmm-align-compiled.cc:127) zh1112M0019
LOG (apply-cmvn[5.3.76~1-26df3]:main():apply-cmvn.cc:162) Applied cepstral mean normalization to 31 utterances, errors on 0
LOG (gmm-align-compiled[5.3.76~1-26df3]:main():gmm-align-compiled.cc:127) zh1112M0020
LOG (gmm-align-compiled[5.3.76~1-26df3]:main():gmm-align-compiled.cc:127) zh1112M0021
LOG (gmm-align-compiled[5.3.76~1-26df3]:main():gmm-align-compiled.cc:127) zh1112M0022
LOG (gmm-align-compiled[5.3.76~1-26df3]:main():gmm-align-compiled.cc:127) zh1112M0023
LOG (gmm-align-compiled[5.3.76~1-26df3]:main():gmm-align-compiled.cc:127) zh1112M0024
LOG (gmm-align-compiled[5.3.76~1-26df3]:main():gmm-align-compiled.cc:127) zh1112M0025
LOG (gmm-align-compiled[5.3.76~1-26df3]:main():gmm-align-compiled.cc:127) zh1112M0026
LOG (gmm-align-compiled[5.3.76~1-26df3]:main():gmm-align-compiled.cc:127) zh1112M0027
LOG (gmm-align-compiled[5.3.76~1-26df3]:main():gmm-align-compiled.cc:127) zh1112M0028
LOG (gmm-align-compiled[5.3.76~1-26df3]:main():gmm-align-compiled.cc:127) zh1112M0029
LOG (gmm-align-compiled[5.3.76~1-26df3]:main():gmm-align-compiled.cc:127) zh1112M0030
LOG (gmm-align-compiled[5.3.76~1-26df3]:main():gmm-align-compiled.cc:127) zh1112M0031
LOG (gmm-align-compiled[5.3.76~1-26df3]:main():gmm-align-compiled.cc:135) Overall log-likelihood per frame is -88.985 over 7957 frames.
LOG (gmm-align-compiled[5.3.76~1-26df3]:main():gmm-align-compiled.cc:137) Retried 0 out of 31 utterances.
LOG (gmm-align-compiled[5.3.76~1-26df3]:main():gmm-align-compiled.cc:139) Done 31, errors on 0
# Accounting: time=1 threads=1
# Ended (code 0) at Fri Mar 30 11:01:52 CST 2018, elapsed time 1 seconds
