# lattice-scale --inv-acoustic-scale=7 "ark:gunzip -c exp_FG/tri_8_2000/decode/lat.*.gz|" ark:- | lattice-add-penalty --word-ins-penalty=0.0 ark:- ark:- | lattice-best-path --word-symbol-table=exp_FG/tri_8_2000/graph/words.txt ark:- ark,t:exp_FG/tri_8_2000/decode/scoring/7.tra 
# Started at Fri Mar 30 11:04:30 CST 2018
#
lattice-scale --inv-acoustic-scale=7 'ark:gunzip -c exp_FG/tri_8_2000/decode/lat.*.gz|' ark:- 
lattice-best-path --word-symbol-table=exp_FG/tri_8_2000/graph/words.txt ark:- ark,t:exp_FG/tri_8_2000/decode/scoring/7.tra 
lattice-add-penalty --word-ins-penalty=0.0 ark:- ark:- 
LOG (lattice-best-path[5.3.76~1-26df3]:main():lattice-best-path.cc:99) For utterance zh1101M0001, best cost 25.3636 + 5830.01 = 5855.37 over 333 frames.
zh1101M0001 要 三 箱 银桥 核桃 牛奶 多 加糖 
LOG (lattice-best-path[5.3.76~1-26df3]:main():lattice-best-path.cc:99) For utterance zh1101M0002, best cost 29.086 + 6753.53 = 6782.62 over 362 frames.
zh1101M0002 要 三 箱 银桥 花生 牛奶 少 加糖 
LOG (lattice-best-path[5.3.76~1-26df3]:main():lattice-best-path.cc:99) For utterance zh1101M0003, best cost 27.3681 + 6566.52 = 6593.89 over 381 frames.
zh1101M0003 要 三 箱 银桥 红枣 牛奶 不 加糖 
LOG (lattice-best-path[5.3.76~1-26df3]:main():lattice-best-path.cc:99) For utterance zh1101M0004, best cost 27.6482 + 7033.45 = 7061.1 over 400 frames.
zh1101M0004 要 五 箱 银桥 黑谷 牛奶 多 加糖 
LOG (lattice-best-path[5.3.76~1-26df3]:main():lattice-best-path.cc:99) For utterance zh1101M0005, best cost 28.5783 + 7269.92 = 7298.5 over 429 frames.
zh1101M0005 要 五 箱 银桥 核桃 牛奶 少 加糖 
LOG (lattice-best-path[5.3.76~1-26df3]:main():lattice-best-path.cc:99) For utterance zh1101M0006, best cost 10.8338 + 2973.11 = 2983.95 over 190 frames.
zh1101M0006 打开 泵 
LOG (lattice-best-path[5.3.76~1-26df3]:main():lattice-best-path.cc:99) For utterance zh1101M0007, best cost 12.7723 + 3816.49 = 3829.26 over 247 frames.
zh1101M0007 关闭 阀门 
LOG (lattice-best-path[5.3.76~1-26df3]:main():lattice-best-path.cc:99) For utterance zh1101M0008, best cost 19.7716 + 3667.31 = 3687.09 over 218 frames.
zh1101M0008 要 开启 窗帘 
LOG (lattice-best-path[5.3.76~1-26df3]:main():lattice-best-path.cc:99) For utterance zh1101M0009, best cost 11.185 + 2815.3 = 2826.48 over 180 frames.
zh1101M0009 关掉 灯 
LOG (lattice-best-path[5.3.76~1-26df3]:main():lattice-best-path.cc:99) For utterance zh1110M0001, best cost 25.3607 + 5821.83 = 5847.19 over 333 frames.
zh1110M0001 要 三 箱 银桥 核桃 牛奶 多 加糖 
LOG (lattice-best-path[5.3.76~1-26df3]:main():lattice-best-path.cc:99) For utterance zh1110M0002, best cost 29.1229 + 6737.75 = 6766.87 over 362 frames.
zh1110M0002 要 三 箱 银桥 花生 牛奶 少 加糖 
LOG (lattice-best-path[5.3.76~1-26df3]:main():lattice-best-path.cc:99) For utterance zh1110M0003, best cost 27.0861 + 6555.73 = 6582.82 over 381 frames.
zh1110M0003 要 三 箱 银桥 红枣 牛奶 不 加糖 
LOG (lattice-best-path[5.3.76~1-26df3]:main():lattice-best-path.cc:99) For utterance zh1110M0004, best cost 28.4529 + 7021.27 = 7049.73 over 400 frames.
zh1110M0004 要 五 箱 银桥 黑谷 牛奶 多 加糖 
LOG (lattice-best-path[5.3.76~1-26df3]:main():lattice-best-path.cc:99) For utterance zh1110M0005, best cost 27.6067 + 7280.7 = 7308.31 over 429 frames.
zh1110M0005 要 五 箱 银桥 核桃 牛奶 少 加糖 
LOG (lattice-best-path[5.3.76~1-26df3]:main():lattice-best-path.cc:99) For utterance zh1110M0006, best cost 10.0428 + 2963.01 = 2973.06 over 190 frames.
zh1110M0006 打开 泵 
LOG (lattice-best-path[5.3.76~1-26df3]:main():lattice-best-path.cc:99) For utterance zh1110M0007, best cost 12.8423 + 3796.04 = 3808.88 over 247 frames.
zh1110M0007 关闭 阀门 
LOG (lattice-best-path[5.3.76~1-26df3]:main():lattice-best-path.cc:99) For utterance zh1110M0008, best cost 19.7716 + 3666.84 = 3686.61 over 218 frames.
zh1110M0008 要 开启 窗帘 
LOG (lattice-best-path[5.3.76~1-26df3]:main():lattice-best-path.cc:99) For utterance zh1110M0009, best cost 11.1688 + 2827.78 = 2838.95 over 180 frames.
zh1110M0009 关掉 灯 
LOG (lattice-best-path[5.3.76~1-26df3]:main():lattice-best-path.cc:99) For utterance zh1111M0001, best cost 27.0126 + 6120.04 = 6147.05 over 324 frames.
zh1111M0001 要 二 箱 银桥 核桃 牛奶 多 加糖 
LOG (lattice-best-path[5.3.76~1-26df3]:main():lattice-best-path.cc:99) For utterance zh1111M0002, best cost 36.2854 + 6566.09 = 6602.37 over 343 frames.
zh1111M0002 要 要 五 箱 银桥 花生 牛奶 少 加糖 
LOG (lattice-best-path[5.3.76~1-26df3]:main():lattice-best-path.cc:99) For utterance zh1111M0003, best cost 36.7804 + 7319.17 = 7355.95 over 381 frames.
zh1111M0003 要 要 二 箱 银桥 红枣 牛奶 不 加糖 
LOG (lattice-best-path[5.3.76~1-26df3]:main():lattice-best-path.cc:99) For utterance zh1111M0004, best cost 28.2566 + 6554.01 = 6582.27 over 343 frames.
zh1111M0004 要 五 箱 银桥 黑谷 牛奶 多 加糖 
LOG (lattice-best-path[5.3.76~1-26df3]:main():lattice-best-path.cc:99) For utterance zh1111M0005, best cost 44.3634 + 7507.38 = 7551.74 over 400 frames.
zh1111M0005 要 要 五 箱 银桥 核桃 牛奶 少 加糖 
LOG (lattice-best-path[5.3.76~1-26df3]:main():lattice-best-path.cc:99) For utterance zh1111M0006, best cost 40.394 + 3674.88 = 3715.27 over 228 frames.
zh1111M0006 要 打开 泵 要 要 
LOG (lattice-best-path[5.3.76~1-26df3]:main():lattice-best-path.cc:99) For utterance zh1111M0007, best cost 35.2822 + 3677.91 = 3713.19 over 218 frames.
zh1111M0007 要 不 要 
LOG (lattice-best-path[5.3.76~1-26df3]:main():lattice-best-path.cc:99) For utterance zh1111M0008, best cost 20.8335 + 3235.03 = 3255.87 over 199 frames.
zh1111M0008 要 开启 窗帘 
LOG (lattice-best-path[5.3.76~1-26df3]:main():lattice-best-path.cc:99) For utterance zh1111M0009, best cost 40.3888 + 3045.78 = 3086.17 over 180 frames.
zh1111M0009 要 二 关掉 多 灯 
LOG (lattice-best-path[5.3.76~1-26df3]:main():lattice-best-path.cc:99) For utterance zh1112M0001, best cost 42.6657 + 6515.96 = 6558.63 over 381 frames.
zh1112M0001 要 要 三 箱 银桥 核桃 牛奶 多 加糖 
LOG (lattice-best-path[5.3.76~1-26df3]:main():lattice-best-path.cc:99) For utterance zh1112M0002, best cost 28.1212 + 6199.82 = 6227.94 over 333 frames.
zh1112M0002 要 二 箱 银桥 花生 牛奶 不 加糖 
LOG (lattice-best-path[5.3.76~1-26df3]:main():lattice-best-path.cc:99) For utterance zh1112M0003, best cost 36.4959 + 6372.46 = 6408.96 over 353 frames.
zh1112M0003 要 要 五 箱 银桥 红枣 牛奶 不 加糖 
LOG (lattice-best-path[5.3.76~1-26df3]:main():lattice-best-path.cc:99) For utterance zh1112M0004, best cost 30.5831 + 5711.78 = 5742.37 over 333 frames.
zh1112M0004 要 四 箱 银桥 黑谷 牛奶 多 加糖 
LOG (lattice-best-path[5.3.76~1-26df3]:main():lattice-best-path.cc:99) For utterance zh1112M0005, best cost 28.5703 + 5763.45 = 5792.02 over 314 frames.
zh1112M0005 要 二 箱 银桥 核桃 牛奶 少 加糖 
LOG (lattice-best-path[5.3.76~1-26df3]:main():lattice-best-path.cc:99) For utterance zh1112M0006, best cost 30.6195 + 2555.56 = 2586.18 over 142 frames.
zh1112M0006 要 要 打开 泵 
LOG (lattice-best-path[5.3.76~1-26df3]:main():lattice-best-path.cc:99) For utterance zh1112M0007, best cost 34.2954 + 2937.18 = 2971.48 over 161 frames.
zh1112M0007 要 不 不 
LOG (lattice-best-path[5.3.76~1-26df3]:main():lattice-best-path.cc:99) For utterance zh1112M0008, best cost 40.0263 + 3478.7 = 3518.73 over 199 frames.
zh1112M0008 要 开启 不 
LOG (lattice-best-path[5.3.76~1-26df3]:main():lattice-best-path.cc:99) For utterance zh1112M0009, best cost 42.2772 + 2613.13 = 2655.41 over 142 frames.
zh1112M0009 二 关掉 要 
LOG (lattice-best-path[5.3.76~1-26df3]:main():lattice-best-path.cc:99) For utterance zh1113M0001, best cost 25.4078 + 5818.86 = 5844.27 over 333 frames.
zh1113M0001 要 三 箱 银桥 核桃 牛奶 多 加糖 
LOG (lattice-best-path[5.3.76~1-26df3]:main():lattice-best-path.cc:99) For utterance zh1113M0002, best cost 28.3171 + 6748.93 = 6777.24 over 362 frames.
zh1113M0002 要 三 箱 银桥 花生 牛奶 少 加糖 
LOG (lattice-best-path[5.3.76~1-26df3]:main():lattice-best-path.cc:99) For utterance zh1113M0003, best cost 27.2048 + 6549.25 = 6576.46 over 381 frames.
zh1113M0003 要 三 箱 银桥 红枣 牛奶 不 加糖 
LOG (lattice-best-path[5.3.76~1-26df3]:main():lattice-best-path.cc:99) For utterance zh1113M0004, best cost 27.0676 + 7022.44 = 7049.51 over 400 frames.
zh1113M0004 要 五 箱 银桥 黑谷 牛奶 多 加糖 
LOG (lattice-best-path[5.3.76~1-26df3]:main():lattice-best-path.cc:99) For utterance zh1113M0005, best cost 28.3402 + 7286.99 = 7315.33 over 429 frames.
zh1113M0005 要 五 箱 银桥 核桃 牛奶 少 加糖 
LOG (lattice-best-path[5.3.76~1-26df3]:main():lattice-best-path.cc:99) For utterance zh1113M0006, best cost 10.0431 + 2966.77 = 2976.81 over 190 frames.
zh1113M0006 打开 泵 
LOG (lattice-best-path[5.3.76~1-26df3]:main():lattice-best-path.cc:99) For utterance zh1113M0007, best cost 12.8457 + 3784.66 = 3797.5 over 247 frames.
zh1113M0007 关闭 阀门 
LOG (lattice-best-path[5.3.76~1-26df3]:main():lattice-best-path.cc:99) For utterance zh1113M0008, best cost 19.7713 + 3686.37 = 3706.14 over 218 frames.
zh1113M0008 要 开启 窗帘 
LOG (lattice-best-path[5.3.76~1-26df3]:main():lattice-best-path.cc:99) For utterance zh1113M0009, best cost 11.1688 + 2831.66 = 2842.83 over 180 frames.
zh1113M0009 关掉 灯 
LOG (lattice-best-path[5.3.76~1-26df3]:main():lattice-best-path.cc:99) For utterance zh1114M0001, best cost 34.7165 + 6106.82 = 6141.53 over 324 frames.
zh1114M0001 要 要 二 箱 银桥 核桃 牛奶 多 加糖 
LOG (lattice-best-path[5.3.76~1-26df3]:main():lattice-best-path.cc:99) For utterance zh1114M0002, best cost 29.1247 + 6592.21 = 6621.33 over 343 frames.
zh1114M0002 要 四 箱 银桥 花生 牛奶 少 加糖 
LOG (lattice-best-path[5.3.76~1-26df3]:main():lattice-best-path.cc:99) For utterance zh1114M0003, best cost 36.7599 + 7329.32 = 7366.08 over 381 frames.
zh1114M0003 要 要 二 箱 银桥 红枣 牛奶 不 加糖 
LOG (lattice-best-path[5.3.76~1-26df3]:main():lattice-best-path.cc:99) For utterance zh1114M0004, best cost 28.6824 + 6550.61 = 6579.29 over 343 frames.
zh1114M0004 要 五 箱 银桥 黑谷 牛奶 多 加糖 
LOG (lattice-best-path[5.3.76~1-26df3]:main():lattice-best-path.cc:99) For utterance zh1114M0005, best cost 43.3529 + 7518.82 = 7562.17 over 400 frames.
zh1114M0005 要 要 五 箱 银桥 核桃 牛奶 少 加糖 
LOG (lattice-best-path[5.3.76~1-26df3]:main():lattice-best-path.cc:99) For utterance zh1114M0006, best cost 40.7802 + 3679.02 = 3719.8 over 228 frames.
zh1114M0006 要 打开 泵 要 要 
LOG (lattice-best-path[5.3.76~1-26df3]:main():lattice-best-path.cc:99) For utterance zh1114M0007, best cost 25.5313 + 3663.2 = 3688.73 over 218 frames.
zh1114M0007 关闭 要 
LOG (lattice-best-path[5.3.76~1-26df3]:main():lattice-best-path.cc:99) For utterance zh1114M0008, best cost 20.8299 + 3219.86 = 3240.69 over 199 frames.
zh1114M0008 要 开启 窗帘 
LOG (lattice-best-path[5.3.76~1-26df3]:main():lattice-best-path.cc:99) For utterance zh1114M0009, best cost 39.9361 + 3046.96 = 3086.89 over 180 frames.
zh1114M0009 要 二 关掉 多 灯 
LOG (lattice-best-path[5.3.76~1-26df3]:main():lattice-best-path.cc:99) For utterance zh1115M0001, best cost 42.7171 + 6493.95 = 6536.67 over 381 frames.
zh1115M0001 要 要 三 箱 银桥 核桃 牛奶 多 加糖 
LOG (lattice-best-path[5.3.76~1-26df3]:main():lattice-best-path.cc:99) For utterance zh1115M0002, best cost 28.1212 + 6191.93 = 6220.05 over 333 frames.
zh1115M0002 要 二 箱 银桥 花生 牛奶 不 加糖 
LOG (lattice-best-path[5.3.76~1-26df3]:main():lattice-best-path.cc:99) For utterance zh1115M0003, best cost 36.3592 + 6383.36 = 6419.72 over 353 frames.
zh1115M0003 要 要 五 箱 银桥 红枣 牛奶 不 加糖 
LOG (lattice-best-path[5.3.76~1-26df3]:main():lattice-best-path.cc:99) For utterance zh1115M0004, best cost 30.2999 + 5719.18 = 5749.48 over 333 frames.
zh1115M0004 要 四 箱 银桥 黑谷 牛奶 多 加糖 
LOG (lattice-best-path[5.3.76~1-26df3]:main():lattice-best-path.cc:99) For utterance zh1115M0005, best cost 28.5826 + 5763.63 = 5792.21 over 314 frames.
zh1115M0005 要 二 箱 银桥 核桃 牛奶 少 加糖 
LOG (lattice-best-path[5.3.76~1-26df3]:main():lattice-best-path.cc:99) For utterance zh1115M0006, best cost 30.5657 + 2556.43 = 2587 over 142 frames.
zh1115M0006 要 要 打开 泵 
LOG (lattice-best-path[5.3.76~1-26df3]:main():lattice-best-path.cc:99) For utterance zh1115M0007, best cost 24.4449 + 2947.43 = 2971.88 over 161 frames.
zh1115M0007 关掉 不 
LOG (lattice-best-path[5.3.76~1-26df3]:main():lattice-best-path.cc:99) For utterance zh1115M0008, best cost 39.9426 + 3478.29 = 3518.23 over 199 frames.
zh1115M0008 要 开启 不 
LOG (lattice-best-path[5.3.76~1-26df3]:main():lattice-best-path.cc:99) For utterance zh1115M0009, best cost 38.4627 + 2699.19 = 2737.65 over 142 frames.
zh1115M0009 要 多 要 
LOG (lattice-best-path[5.3.76~1-26df3]:main():lattice-best-path.cc:99) For utterance zh1116M0001, best cost 25.5661 + 5807.38 = 5832.95 over 333 frames.
zh1116M0001 要 三 箱 银桥 核桃 牛奶 多 加糖 
LOG (lattice-best-path[5.3.76~1-26df3]:main():lattice-best-path.cc:99) For utterance zh1116M0002, best cost 28.3214 + 6745.6 = 6773.92 over 362 frames.
zh1116M0002 要 五 箱 银桥 花生 牛奶 少 加糖 
LOG (lattice-best-path[5.3.76~1-26df3]:main():lattice-best-path.cc:99) For utterance zh1116M0003, best cost 27.5169 + 6578.55 = 6606.07 over 381 frames.
zh1116M0003 要 三 箱 银桥 红枣 牛奶 不 加糖 
LOG (lattice-best-path[5.3.76~1-26df3]:main():lattice-best-path.cc:99) For utterance zh1116M0004, best cost 27.938 + 7023.25 = 7051.19 over 400 frames.
zh1116M0004 要 五 箱 银桥 黑谷 牛奶 多 加糖 
LOG (lattice-best-path[5.3.76~1-26df3]:main():lattice-best-path.cc:99) For utterance zh1116M0005, best cost 28.0777 + 7275.3 = 7303.37 over 429 frames.
zh1116M0005 要 五 箱 银桥 核桃 牛奶 少 加糖 
LOG (lattice-best-path[5.3.76~1-26df3]:main():lattice-best-path.cc:99) For utterance zh1116M0006, best cost 18.5745 + 2977.33 = 2995.9 over 190 frames.
zh1116M0006 要 打开 泵 
LOG (lattice-best-path[5.3.76~1-26df3]:main():lattice-best-path.cc:99) For utterance zh1116M0007, best cost 12.7505 + 3804.76 = 3817.51 over 247 frames.
zh1116M0007 关闭 阀门 
LOG (lattice-best-path[5.3.76~1-26df3]:main():lattice-best-path.cc:99) For utterance zh1116M0008, best cost 19.785 + 3678.45 = 3698.24 over 218 frames.
zh1116M0008 要 开启 窗帘 
LOG (lattice-best-path[5.3.76~1-26df3]:main():lattice-best-path.cc:99) For utterance zh1116M0009, best cost 11.134 + 2808.95 = 2820.08 over 180 frames.
zh1116M0009 关掉 灯 
LOG (lattice-best-path[5.3.76~1-26df3]:main():lattice-best-path.cc:99) For utterance zh1117M0001, best cost 27.0581 + 6120.05 = 6147.11 over 324 frames.
zh1117M0001 要 二 箱 银桥 核桃 牛奶 多 加糖 
LOG (lattice-best-path[5.3.76~1-26df3]:main():lattice-best-path.cc:99) For utterance zh1117M0002, best cost 37.8177 + 6573.59 = 6611.41 over 343 frames.
zh1117M0002 要 要 五 箱 银桥 花生 牛奶 少 加糖 
LOG (lattice-best-path[5.3.76~1-26df3]:main():lattice-best-path.cc:99) For utterance zh1117M0003, best cost 38.3072 + 7338.12 = 7376.43 over 381 frames.
zh1117M0003 要 要 二 箱 银桥 红枣 牛奶 不 加糖 
LOG (lattice-best-path[5.3.76~1-26df3]:main():lattice-best-path.cc:99) For utterance zh1117M0004, best cost 27.3891 + 6564.1 = 6591.49 over 343 frames.
zh1117M0004 要 五 箱 银桥 黑谷 牛奶 多 加糖 
LOG (lattice-best-path[5.3.76~1-26df3]:main():lattice-best-path.cc:99) For utterance zh1117M0005, best cost 41.2029 + 7520.09 = 7561.29 over 400 frames.
zh1117M0005 要 要 五 箱 银桥 核桃 牛奶 少 加糖 
LOG (lattice-best-path[5.3.76~1-26df3]:main():lattice-best-path.cc:99) For utterance zh1117M0006, best cost 34.1906 + 3688.74 = 3722.93 over 228 frames.
zh1117M0006 打开 泵 要 要 
LOG (lattice-best-path[5.3.76~1-26df3]:main():lattice-best-path.cc:99) For utterance zh1117M0007, best cost 26.7039 + 3696.1 = 3722.8 over 218 frames.
zh1117M0007 关闭 要 
LOG (lattice-best-path[5.3.76~1-26df3]:main():lattice-best-path.cc:99) For utterance zh1117M0008, best cost 20.8902 + 3216.06 = 3236.95 over 199 frames.
zh1117M0008 要 开启 窗帘 
LOG (lattice-best-path[5.3.76~1-26df3]:main():lattice-best-path.cc:99) For utterance zh1117M0009, best cost 39.7359 + 3057.17 = 3096.9 over 180 frames.
zh1117M0009 要 二 关掉 多 灯 
LOG (lattice-best-path[5.3.76~1-26df3]:main():lattice-best-path.cc:99) For utterance zh1118M0001, best cost 42.5141 + 6502.05 = 6544.57 over 381 frames.
zh1118M0001 要 要 三 箱 银桥 核桃 牛奶 多 加糖 
LOG (lattice-best-path[5.3.76~1-26df3]:main():lattice-best-path.cc:99) For utterance zh1118M0002, best cost 28.0501 + 6189.72 = 6217.77 over 333 frames.
zh1118M0002 要 二 箱 银桥 花生 牛奶 不 加糖 
LOG (lattice-best-path[5.3.76~1-26df3]:main():lattice-best-path.cc:99) For utterance zh1118M0003, best cost 37.3686 + 6377.36 = 6414.73 over 353 frames.
zh1118M0003 要 要 五 箱 银桥 红枣 牛奶 不 加糖 
LOG (lattice-best-path[5.3.76~1-26df3]:main():lattice-best-path.cc:99) For utterance zh1118M0004, best cost 30.3377 + 5724.8 = 5755.14 over 333 frames.
zh1118M0004 要 四 箱 银桥 黑谷 牛奶 多 加糖 
LOG (lattice-best-path[5.3.76~1-26df3]:main():lattice-best-path.cc:99) For utterance zh1118M0005, best cost 28.7227 + 5767.16 = 5795.89 over 314 frames.
zh1118M0005 要 二 箱 银桥 核桃 牛奶 少 加糖 
LOG (lattice-best-path[5.3.76~1-26df3]:main():lattice-best-path.cc:99) For utterance zh1118M0006, best cost 30.3508 + 2556.73 = 2587.08 over 142 frames.
zh1118M0006 要 要 打开 泵 
LOG (lattice-best-path[5.3.76~1-26df3]:main():lattice-best-path.cc:99) For utterance zh1118M0007, best cost 24.4431 + 2948.49 = 2972.93 over 161 frames.
zh1118M0007 关闭 不 
LOG (lattice-best-path[5.3.76~1-26df3]:main():lattice-best-path.cc:99) For utterance zh1118M0008, best cost 40.057 + 3476.83 = 3516.88 over 199 frames.
zh1118M0008 要 开启 不 
LOG (lattice-best-path[5.3.76~1-26df3]:main():lattice-best-path.cc:99) For utterance zh1118M0009, best cost 39.5393 + 2699.16 = 2738.7 over 142 frames.
zh1118M0009 要 多 要 
LOG (lattice-best-path[5.3.76~1-26df3]:main():lattice-best-path.cc:99) For utterance zh1102M0001, best cost 26.9933 + 6107.07 = 6134.07 over 324 frames.
zh1102M0001 要 二 箱 银桥 核桃 牛奶 多 加糖 
LOG (lattice-best-path[5.3.76~1-26df3]:main():lattice-best-path.cc:99) For utterance zh1102M0002, best cost 36.3939 + 6578.46 = 6614.86 over 343 frames.
zh1102M0002 要 要 五 箱 银桥 花生 牛奶 少 加糖 
LOG (lattice-best-path[5.3.76~1-26df3]:main():lattice-best-path.cc:99) For utterance zh1102M0003, best cost 38.3732 + 7334.32 = 7372.69 over 381 frames.
zh1102M0003 要 要 二 箱 银桥 红枣 牛奶 不 加糖 
LOG (lattice-best-path[5.3.76~1-26df3]:main():lattice-best-path.cc:99) For utterance zh1102M0004, best cost 29.1041 + 6549.64 = 6578.75 over 343 frames.
zh1102M0004 要 五 箱 银桥 黑谷 牛奶 多 加糖 
LOG (lattice-best-path[5.3.76~1-26df3]:main():lattice-best-path.cc:99) For utterance zh1102M0005, best cost 42.0792 + 7506.33 = 7548.41 over 400 frames.
zh1102M0005 要 要 五 箱 银桥 核桃 牛奶 少 加糖 
LOG (lattice-best-path[5.3.76~1-26df3]:main():lattice-best-path.cc:99) For utterance zh1102M0006, best cost 44.9965 + 3661.3 = 3706.3 over 228 frames.
zh1102M0006 要 打开 泵 要 要 
LOG (lattice-best-path[5.3.76~1-26df3]:main():lattice-best-path.cc:99) For utterance zh1102M0007, best cost 26.7274 + 3678.76 = 3705.48 over 218 frames.
zh1102M0007 关闭 要 
LOG (lattice-best-path[5.3.76~1-26df3]:main():lattice-best-path.cc:99) For utterance zh1102M0008, best cost 21.9965 + 3210.94 = 3232.94 over 199 frames.
zh1102M0008 要 开启 窗帘 
LOG (lattice-best-path[5.3.76~1-26df3]:main():lattice-best-path.cc:99) For utterance zh1102M0009, best cost 40.3888 + 3046.01 = 3086.4 over 180 frames.
zh1102M0009 要 二 关掉 多 灯 
LOG (lattice-best-path[5.3.76~1-26df3]:main():lattice-best-path.cc:99) For utterance zh1103M0001, best cost 42.6657 + 6515.96 = 6558.63 over 381 frames.
zh1103M0001 要 要 三 箱 银桥 核桃 牛奶 多 加糖 
LOG (lattice-best-path[5.3.76~1-26df3]:main():lattice-best-path.cc:99) For utterance zh1103M0002, best cost 28.1212 + 6199.82 = 6227.94 over 333 frames.
zh1103M0002 要 二 箱 银桥 花生 牛奶 不 加糖 
LOG (lattice-best-path[5.3.76~1-26df3]:main():lattice-best-path.cc:99) For utterance zh1103M0003, best cost 36.4959 + 6372.46 = 6408.96 over 353 frames.
zh1103M0003 要 要 五 箱 银桥 红枣 牛奶 不 加糖 
LOG (lattice-best-path[5.3.76~1-26df3]:main():lattice-best-path.cc:99) For utterance zh1103M0004, best cost 30.5831 + 5711.78 = 5742.37 over 333 frames.
zh1103M0004 要 四 箱 银桥 黑谷 牛奶 多 加糖 
LOG (lattice-best-path[5.3.76~1-26df3]:main():lattice-best-path.cc:99) For utterance zh1103M0005, best cost 28.5703 + 5763.45 = 5792.02 over 314 frames.
zh1103M0005 要 二 箱 银桥 核桃 牛奶 少 加糖 
LOG (lattice-best-path[5.3.76~1-26df3]:main():lattice-best-path.cc:99) For utterance zh1103M0006, best cost 30.6195 + 2555.56 = 2586.18 over 142 frames.
zh1103M0006 要 要 打开 泵 
LOG (lattice-best-path[5.3.76~1-26df3]:main():lattice-best-path.cc:99) For utterance zh1103M0007, best cost 34.2954 + 2937.18 = 2971.48 over 161 frames.
zh1103M0007 要 不 不 
LOG (lattice-best-path[5.3.76~1-26df3]:main():lattice-best-path.cc:99) For utterance zh1103M0008, best cost 40.0263 + 3478.7 = 3518.73 over 199 frames.
zh1103M0008 要 开启 不 
LOG (lattice-best-path[5.3.76~1-26df3]:main():lattice-best-path.cc:99) For utterance zh1103M0009, best cost 42.2772 + 2613.13 = 2655.41 over 142 frames.
zh1103M0009 二 关掉 要 
LOG (lattice-scale[5.3.76~1-26df3]:main():lattice-scale.cc:90) Done 162 lattices.
LOG (lattice-best-path[5.3.76~1-26df3]:main():lattice-best-path.cc:99) For utterance zh1104M0001, best cost 25.4078 + 5818.84 = 5844.25 over 333 frames.
zh1104M0001 要 三 箱 银桥 核桃 牛奶 多 加糖 
LOG (lattice-best-path[5.3.76~1-26df3]:main():lattice-best-path.cc:99) For utterance zh1104M0002, best cost 28.3171 + 6748.76 = 6777.07 over 362 frames.
zh1104M0002 要 三 箱 银桥 花生 牛奶 少 加糖 
LOG (lattice-best-path[5.3.76~1-26df3]:main():lattice-best-path.cc:99) For utterance zh1104M0003, best cost 27.2048 + 6549.15 = 6576.36 over 381 frames.
zh1104M0003 要 三 箱 银桥 红枣 牛奶 不 加糖 
LOG (lattice-best-path[5.3.76~1-26df3]:main():lattice-best-path.cc:99) For utterance zh1104M0004, best cost 27.0676 + 7022.82 = 7049.89 over 400 frames.
zh1104M0004 要 五 箱 银桥 黑谷 牛奶 多 加糖 
LOG (lattice-best-path[5.3.76~1-26df3]:main():lattice-best-path.cc:99) For utterance zh1104M0005, best cost 28.3402 + 7287.3 = 7315.64 over 429 frames.
zh1104M0005 要 五 箱 银桥 核桃 牛奶 少 加糖 
LOG (lattice-best-path[5.3.76~1-26df3]:main():lattice-best-path.cc:99) For utterance zh1104M0006, best cost 10.0431 + 2966.74 = 2976.78 over 190 frames.
zh1104M0006 打开 泵 
LOG (lattice-best-path[5.3.76~1-26df3]:main():lattice-best-path.cc:99) For utterance zh1104M0007, best cost 12.7147 + 3794.7 = 3807.41 over 247 frames.
zh1104M0007 关闭 阀门 
LOG (lattice-best-path[5.3.76~1-26df3]:main():lattice-best-path.cc:99) For utterance zh1104M0008, best cost 19.785 + 3692.17 = 3711.96 over 218 frames.
zh1104M0008 要 开启 窗帘 
LOG (lattice-best-path[5.3.76~1-26df3]:main():lattice-best-path.cc:99) For utterance zh1104M0009, best cost 11.2192 + 2843.01 = 2854.23 over 180 frames.
zh1104M0009 关掉 灯 
LOG (lattice-best-path[5.3.76~1-26df3]:main():lattice-best-path.cc:99) For utterance zh1105M0001, best cost 34.6896 + 6100.62 = 6135.31 over 324 frames.
zh1105M0001 要 要 二 箱 银桥 核桃 牛奶 多 加糖 
LOG (lattice-best-path[5.3.76~1-26df3]:main():lattice-best-path.cc:99) For utterance zh1105M0002, best cost 36.8853 + 6593.3 = 6630.19 over 343 frames.
zh1105M0002 要 要 五 箱 银桥 花生 牛奶 少 加糖 
LOG (lattice-best-path[5.3.76~1-26df3]:main():lattice-best-path.cc:99) For utterance zh1105M0003, best cost 38.2616 + 7348.31 = 7386.57 over 381 frames.
zh1105M0003 要 要 二 箱 银桥 红枣 牛奶 不 加糖 
LOG (lattice-best-path[5.3.76~1-26df3]:main():lattice-best-path.cc:99) For utterance zh1105M0004, best cost 27.7291 + 6567.9 = 6595.63 over 343 frames.
zh1105M0004 要 五 箱 银桥 黑谷 牛奶 多 加糖 
LOG (lattice-best-path[5.3.76~1-26df3]:main():lattice-best-path.cc:99) For utterance zh1105M0005, best cost 41.9614 + 7497.38 = 7539.34 over 400 frames.
zh1105M0005 要 要 五 箱 银桥 核桃 牛奶 少 加糖 
LOG (lattice-best-path[5.3.76~1-26df3]:main():lattice-best-path.cc:99) For utterance zh1105M0006, best cost 45.2148 + 3651.18 = 3696.4 over 228 frames.
zh1105M0006 要 打开 泵 要 要 
LOG (lattice-best-path[5.3.76~1-26df3]:main():lattice-best-path.cc:99) For utterance zh1105M0007, best cost 26.6749 + 3688.25 = 3714.93 over 218 frames.
zh1105M0007 关闭 要 
LOG (lattice-best-path[5.3.76~1-26df3]:main():lattice-best-path.cc:99) For utterance zh1105M0008, best cost 19.5049 + 3206.97 = 3226.48 over 199 frames.
zh1105M0008 要 开启 窗帘 
LOG (lattice-best-path[5.3.76~1-26df3]:main():lattice-best-path.cc:99) For utterance zh1105M0009, best cost 39.7097 + 3054.37 = 3094.07 over 180 frames.
zh1105M0009 要 二 关掉 多 灯 
LOG (lattice-best-path[5.3.76~1-26df3]:main():lattice-best-path.cc:99) For utterance zh1106M0001, best cost 43.5369 + 6511.38 = 6554.92 over 381 frames.
zh1106M0001 要 要 三 箱 银桥 核桃 牛奶 多 加糖 
LOG (lattice-best-path[5.3.76~1-26df3]:main():lattice-best-path.cc:99) For utterance zh1106M0002, best cost 28.9494 + 6203.58 = 6232.53 over 333 frames.
zh1106M0002 要 五 箱 银桥 花生 牛奶 不 加糖 
LOG (lattice-best-path[5.3.76~1-26df3]:main():lattice-best-path.cc:99) For utterance zh1106M0003, best cost 38.9734 + 6373.85 = 6412.83 over 353 frames.
zh1106M0003 要 要 五 箱 银桥 红枣 牛奶 不 加糖 
LOG (lattice-best-path[5.3.76~1-26df3]:main():lattice-best-path.cc:99) For utterance zh1106M0004, best cost 34.5847 + 5717.63 = 5752.22 over 333 frames.
zh1106M0004 要 要 四 箱 银桥 黑谷 牛奶 多 加糖 
LOG (lattice-best-path[5.3.76~1-26df3]:main():lattice-best-path.cc:99) For utterance zh1106M0005, best cost 26.7619 + 5742.52 = 5769.29 over 314 frames.
zh1106M0005 要 二 箱 银桥 核桃 牛奶 少 加糖 
LOG (lattice-best-path[5.3.76~1-26df3]:main():lattice-best-path.cc:99) For utterance zh1106M0006, best cost 30.2159 + 2565.3 = 2595.51 over 142 frames.
zh1106M0006 要 要 打开 泵 
LOG (lattice-best-path[5.3.76~1-26df3]:main():lattice-best-path.cc:99) For utterance zh1106M0007, best cost 24.3235 + 2946.83 = 2971.16 over 161 frames.
zh1106M0007 关闭 不 
LOG (lattice-best-path[5.3.76~1-26df3]:main():lattice-best-path.cc:99) For utterance zh1106M0008, best cost 40.0307 + 3478.92 = 3518.95 over 199 frames.
zh1106M0008 要 开启 不 
LOG (lattice-best-path[5.3.76~1-26df3]:main():lattice-best-path.cc:99) For utterance zh1106M0009, best cost 41.1484 + 2600.76 = 2641.91 over 142 frames.
zh1106M0009 二 关掉 要 
LOG (lattice-add-penalty[5.3.76~1-26df3]:main():lattice-add-penalty.cc:62) Done adding word insertion penalty to 162 lattices.
LOG (lattice-best-path[5.3.76~1-26df3]:main():lattice-best-path.cc:99) For utterance zh1107M0001, best cost 25.3735 + 5831.39 = 5856.76 over 333 frames.
zh1107M0001 要 三 箱 银桥 核桃 牛奶 多 加糖 
LOG (lattice-best-path[5.3.76~1-26df3]:main():lattice-best-path.cc:99) For utterance zh1107M0002, best cost 28.36 + 6737.37 = 6765.73 over 362 frames.
zh1107M0002 要 三 箱 银桥 花生 牛奶 少 加糖 
LOG (lattice-best-path[5.3.76~1-26df3]:main():lattice-best-path.cc:99) For utterance zh1107M0003, best cost 27.4021 + 6572.95 = 6600.36 over 381 frames.
zh1107M0003 要 三 箱 银桥 红枣 牛奶 不 加糖 
LOG (lattice-best-path[5.3.76~1-26df3]:main():lattice-best-path.cc:99) For utterance zh1107M0004, best cost 27.451 + 7024.2 = 7051.65 over 400 frames.
zh1107M0004 要 五 箱 银桥 黑谷 牛奶 多 加糖 
LOG (lattice-best-path[5.3.76~1-26df3]:main():lattice-best-path.cc:99) For utterance zh1107M0005, best cost 28.5503 + 7298.12 = 7326.67 over 429 frames.
zh1107M0005 要 五 箱 银桥 核桃 牛奶 少 加糖 
LOG (lattice-best-path[5.3.76~1-26df3]:main():lattice-best-path.cc:99) For utterance zh1107M0006, best cost 10.3759 + 2937.43 = 2947.81 over 190 frames.
zh1107M0006 打开 泵 
LOG (lattice-best-path[5.3.76~1-26df3]:main():lattice-best-path.cc:99) For utterance zh1107M0007, best cost 12.8596 + 3798.39 = 3811.25 over 247 frames.
zh1107M0007 关闭 阀门 
LOG (lattice-best-path[5.3.76~1-26df3]:main():lattice-best-path.cc:99) For utterance zh1107M0008, best cost 19.7579 + 3687.12 = 3706.88 over 218 frames.
zh1107M0008 要 开启 窗帘 
LOG (lattice-best-path[5.3.76~1-26df3]:main():lattice-best-path.cc:99) For utterance zh1107M0009, best cost 11.1486 + 2832.63 = 2843.78 over 180 frames.
zh1107M0009 关掉 灯 
LOG (lattice-best-path[5.3.76~1-26df3]:main():lattice-best-path.cc:99) For utterance zh1108M0001, best cost 27.0417 + 6122.79 = 6149.83 over 324 frames.
zh1108M0001 要 二 箱 银桥 核桃 牛奶 多 加糖 
LOG (lattice-best-path[5.3.76~1-26df3]:main():lattice-best-path.cc:99) For utterance zh1108M0002, best cost 36.9471 + 6596.95 = 6633.9 over 343 frames.
zh1108M0002 要 要 五 箱 银桥 花生 牛奶 少 加糖 
LOG (lattice-best-path[5.3.76~1-26df3]:main():lattice-best-path.cc:99) For utterance zh1108M0003, best cost 36.8497 + 7304.65 = 7341.5 over 381 frames.
zh1108M0003 要 要 二 箱 银桥 红枣 牛奶 不 加糖 
LOG (lattice-best-path[5.3.76~1-26df3]:main():lattice-best-path.cc:99) For utterance zh1108M0004, best cost 28.8626 + 6560.05 = 6588.91 over 343 frames.
zh1108M0004 要 五 箱 银桥 黑谷 牛奶 多 加糖 
LOG (lattice-best-path[5.3.76~1-26df3]:main():lattice-best-path.cc:99) For utterance zh1108M0005, best cost 41.6496 + 7517.6 = 7559.25 over 400 frames.
zh1108M0005 要 要 五 箱 银桥 核桃 牛奶 少 加糖 
LOG (lattice-best-path[5.3.76~1-26df3]:main():lattice-best-path.cc:99) For utterance zh1108M0006, best cost 36.5274 + 3664.09 = 3700.62 over 228 frames.
zh1108M0006 打开 泵 要 要 
LOG (lattice-best-path[5.3.76~1-26df3]:main():lattice-best-path.cc:99) For utterance zh1108M0007, best cost 34.8282 + 3692.98 = 3727.81 over 218 frames.
zh1108M0007 要 不 要 
LOG (lattice-best-path[5.3.76~1-26df3]:main():lattice-best-path.cc:99) For utterance zh1108M0008, best cost 22.425 + 3229.66 = 3252.09 over 199 frames.
zh1108M0008 要 开启 窗帘 
LOG (lattice-best-path[5.3.76~1-26df3]:main():lattice-best-path.cc:99) For utterance zh1108M0009, best cost 38.9602 + 3049.96 = 3088.92 over 180 frames.
zh1108M0009 要 二 关掉 多 灯 
LOG (lattice-best-path[5.3.76~1-26df3]:main():lattice-best-path.cc:99) For utterance zh1109M0001, best cost 44.5567 + 6486.53 = 6531.09 over 381 frames.
zh1109M0001 要 要 三 箱 银桥 核桃 牛奶 多 加糖 
LOG (lattice-best-path[5.3.76~1-26df3]:main():lattice-best-path.cc:99) For utterance zh1109M0002, best cost 29.033 + 6191.64 = 6220.67 over 333 frames.
zh1109M0002 要 五 箱 银桥 花生 牛奶 不 加糖 
LOG (lattice-best-path[5.3.76~1-26df3]:main():lattice-best-path.cc:99) For utterance zh1109M0003, best cost 36.5193 + 6384.52 = 6421.04 over 353 frames.
zh1109M0003 要 要 五 箱 银桥 红枣 牛奶 不 加糖 
LOG (lattice-best-path[5.3.76~1-26df3]:main():lattice-best-path.cc:99) For utterance zh1109M0004, best cost 30.5509 + 5699.25 = 5729.81 over 333 frames.
zh1109M0004 要 四 箱 银桥 黑谷 牛奶 多 加糖 
LOG (lattice-best-path[5.3.76~1-26df3]:main():lattice-best-path.cc:99) For utterance zh1109M0005, best cost 29.1467 + 5767.49 = 5796.64 over 314 frames.
zh1109M0005 要 二 箱 银桥 核桃 牛奶 少 加糖 
LOG (lattice-best-path[5.3.76~1-26df3]:main():lattice-best-path.cc:99) For utterance zh1109M0006, best cost 30.6384 + 2556.59 = 2587.23 over 142 frames.
zh1109M0006 要 要 打开 泵 
LOG (lattice-best-path[5.3.76~1-26df3]:main():lattice-best-path.cc:99) For utterance zh1109M0007, best cost 24.4401 + 2956.97 = 2981.41 over 161 frames.
zh1109M0007 关掉 不 
LOG (lattice-best-path[5.3.76~1-26df3]:main():lattice-best-path.cc:99) For utterance zh1109M0008, best cost 39.9426 + 3481.21 = 3521.15 over 199 frames.
zh1109M0008 要 开启 不 
LOG (lattice-best-path[5.3.76~1-26df3]:main():lattice-best-path.cc:99) For utterance zh1109M0009, best cost 42.2806 + 2605.32 = 2647.6 over 142 frames.
zh1109M0009 二 关掉 要 
LOG (lattice-best-path[5.3.76~1-26df3]:main():lattice-best-path.cc:124) Overall cost per frame is 17.8118 = 0.104215 [graph] + 17.7076 [acoustic] over 46284 frames.
LOG (lattice-best-path[5.3.76~1-26df3]:main():lattice-best-path.cc:128) Done 162 lattices, failed for 0
# Accounting: time=1 threads=1
# Ended (code 0) at Fri Mar 30 11:04:31 CST 2018, elapsed time 1 seconds
