# gmm-latgen-faster --max-active=7000 --beam=13.0 --lattice-beam=6.0 --acoustic-scale=0.083333 --allow-partial=true --word-symbol-table=exp_FG/tri_8_2000/graph/words.txt exp_FG/tri_8_2000/final.mdl exp_FG/tri_8_2000/graph/HCLG.fst "ark,s,cs:apply-cmvn  --utt2spk=ark:data/test/split18/14/utt2spk scp:data/test/split18/14/cmvn.scp scp:data/test/split18/14/feats.scp ark:- | add-deltas  ark:- ark:- |" "ark:|gzip -c > exp_FG/tri_8_2000/decode/lat.14.gz" 
# Started at Fri Mar 30 11:04:06 CST 2018
#
gmm-latgen-faster --max-active=7000 --beam=13.0 --lattice-beam=6.0 --acoustic-scale=0.083333 --allow-partial=true --word-symbol-table=exp_FG/tri_8_2000/graph/words.txt exp_FG/tri_8_2000/final.mdl exp_FG/tri_8_2000/graph/HCLG.fst 'ark,s,cs:apply-cmvn  --utt2spk=ark:data/test/split18/14/utt2spk scp:data/test/split18/14/cmvn.scp scp:data/test/split18/14/feats.scp ark:- | add-deltas  ark:- ark:- |' 'ark:|gzip -c > exp_FG/tri_8_2000/decode/lat.14.gz' 
apply-cmvn --utt2spk=ark:data/test/split18/14/utt2spk scp:data/test/split18/14/cmvn.scp scp:data/test/split18/14/feats.scp ark:- 
add-deltas ark:- ark:- 
zh1114M0001 要 二 箱 银桥 核桃 牛奶 多 加糖 
LOG (gmm-latgen-faster[5.3.76~1-26df3]:DecodeUtteranceLatticeFaster():decoder-wrappers.cc:286) Log-like per frame for utterance zh1114M0001 is -11.0934 over 324 frames.
LOG (apply-cmvn[5.3.76~1-26df3]:main():apply-cmvn.cc:162) Applied cepstral mean normalization to 9 utterances, errors on 0
zh1114M0002 要 四 箱 银桥 花生 牛奶 少 加糖 
LOG (gmm-latgen-faster[5.3.76~1-26df3]:DecodeUtteranceLatticeFaster():decoder-wrappers.cc:286) Log-like per frame for utterance zh1114M0002 is -11.2961 over 343 frames.
zh1114M0003 要 二 箱 银桥 红枣 牛奶 不 加糖 
LOG (gmm-latgen-faster[5.3.76~1-26df3]:DecodeUtteranceLatticeFaster():decoder-wrappers.cc:286) Log-like per frame for utterance zh1114M0003 is -11.3133 over 381 frames.
zh1114M0004 要 五 箱 银桥 黑谷 牛奶 多 加糖 
LOG (gmm-latgen-faster[5.3.76~1-26df3]:DecodeUtteranceLatticeFaster():decoder-wrappers.cc:286) Log-like per frame for utterance zh1114M0004 is -11.2241 over 343 frames.
zh1114M0005 要 要 五 箱 银桥 核桃 牛奶 少 加糖 
LOG (gmm-latgen-faster[5.3.76~1-26df3]:DecodeUtteranceLatticeFaster():decoder-wrappers.cc:286) Log-like per frame for utterance zh1114M0005 is -11.0733 over 400 frames.
zh1114M0006 要 打开 泵 要 要 
LOG (gmm-latgen-faster[5.3.76~1-26df3]:DecodeUtteranceLatticeFaster():decoder-wrappers.cc:286) Log-like per frame for utterance zh1114M0006 is -9.59152 over 228 frames.
zh1114M0007 关闭 要 
LOG (gmm-latgen-faster[5.3.76~1-26df3]:DecodeUtteranceLatticeFaster():decoder-wrappers.cc:286) Log-like per frame for utterance zh1114M0007 is -9.91922 over 218 frames.
zh1114M0008 要 开启 窗帘 
LOG (gmm-latgen-faster[5.3.76~1-26df3]:DecodeUtteranceLatticeFaster():decoder-wrappers.cc:286) Log-like per frame for utterance zh1114M0008 is -9.54309 over 199 frames.
zh1114M0009 要 二 关掉 多 灯 
LOG (gmm-latgen-faster[5.3.76~1-26df3]:DecodeUtteranceLatticeFaster():decoder-wrappers.cc:286) Log-like per frame for utterance zh1114M0009 is -10.0962 over 180 frames.
LOG (gmm-latgen-faster[5.3.76~1-26df3]:main():gmm-latgen-faster.cc:176) Time taken 3.91204s: real-time factor assuming 100 frames/sec is 0.149543
LOG (gmm-latgen-faster[5.3.76~1-26df3]:main():gmm-latgen-faster.cc:179) Done 9 utterances, failed for 0
LOG (gmm-latgen-faster[5.3.76~1-26df3]:main():gmm-latgen-faster.cc:181) Overall log-likelihood per frame is -10.7508 over 2616 frames.
# Accounting: time=4 threads=1
# Ended (code 0) at Fri Mar 30 11:04:10 CST 2018, elapsed time 4 seconds
