# gmm-latgen-faster --max-active=7000 --beam=13.0 --lattice-beam=6.0 --acoustic-scale=0.083333 --allow-partial=true --word-symbol-table=exp_FG/tri_8_2000/graph/words.txt exp_FG/tri_8_2000/final.mdl exp_FG/tri_8_2000/graph/HCLG.fst "ark,s,cs:apply-cmvn  --utt2spk=ark:data/test/split18/4/utt2spk scp:data/test/split18/4/cmvn.scp scp:data/test/split18/4/feats.scp ark:- | add-deltas  ark:- ark:- |" "ark:|gzip -c > exp_FG/tri_8_2000/decode/lat.4.gz" 
# Started at Fri Mar 30 11:03:45 CST 2018
#
gmm-latgen-faster --max-active=7000 --beam=13.0 --lattice-beam=6.0 --acoustic-scale=0.083333 --allow-partial=true --word-symbol-table=exp_FG/tri_8_2000/graph/words.txt exp_FG/tri_8_2000/final.mdl exp_FG/tri_8_2000/graph/HCLG.fst 'ark,s,cs:apply-cmvn  --utt2spk=ark:data/test/split18/4/utt2spk scp:data/test/split18/4/cmvn.scp scp:data/test/split18/4/feats.scp ark:- | add-deltas  ark:- ark:- |' 'ark:|gzip -c > exp_FG/tri_8_2000/decode/lat.4.gz' 
apply-cmvn --utt2spk=ark:data/test/split18/4/utt2spk scp:data/test/split18/4/cmvn.scp scp:data/test/split18/4/feats.scp ark:- 
add-deltas ark:- ark:- 
zh1104M0001 要 三 箱 银桥 核桃 牛奶 多 加糖 
LOG (gmm-latgen-faster[5.3.76~1-26df3]:DecodeUtteranceLatticeFaster():decoder-wrappers.cc:286) Log-like per frame for utterance zh1104M0001 is -10.2694 over 333 frames.
LOG (apply-cmvn[5.3.76~1-26df3]:main():apply-cmvn.cc:162) Applied cepstral mean normalization to 9 utterances, errors on 0
zh1104M0002 要 三 箱 银桥 花生 牛奶 少 加糖 
LOG (gmm-latgen-faster[5.3.76~1-26df3]:DecodeUtteranceLatticeFaster():decoder-wrappers.cc:286) Log-like per frame for utterance zh1104M0002 is -10.9533 over 362 frames.
zh1104M0003 要 三 箱 银桥 红枣 牛奶 不 加糖 
LOG (gmm-latgen-faster[5.3.76~1-26df3]:DecodeUtteranceLatticeFaster():decoder-wrappers.cc:286) Log-like per frame for utterance zh1104M0003 is -10.0985 over 381 frames.
zh1104M0004 要 五 箱 银桥 黑谷 牛奶 多 加糖 
LOG (gmm-latgen-faster[5.3.76~1-26df3]:DecodeUtteranceLatticeFaster():decoder-wrappers.cc:286) Log-like per frame for utterance zh1104M0004 is -10.3092 over 400 frames.
zh1104M0005 要 五 箱 银桥 核桃 牛奶 少 加糖 
LOG (gmm-latgen-faster[5.3.76~1-26df3]:DecodeUtteranceLatticeFaster():decoder-wrappers.cc:286) Log-like per frame for utterance zh1104M0005 is -9.97494 over 429 frames.
zh1104M0006 打开 泵 
LOG (gmm-latgen-faster[5.3.76~1-26df3]:DecodeUtteranceLatticeFaster():decoder-wrappers.cc:286) Log-like per frame for utterance zh1104M0006 is -9.16122 over 190 frames.
zh1104M0007 关闭 阀门 
LOG (gmm-latgen-faster[5.3.76~1-26df3]:DecodeUtteranceLatticeFaster():decoder-wrappers.cc:286) Log-like per frame for utterance zh1104M0007 is -9.01327 over 247 frames.
zh1104M0008 要 开启 窗帘 
LOG (gmm-latgen-faster[5.3.76~1-26df3]:DecodeUtteranceLatticeFaster():decoder-wrappers.cc:286) Log-like per frame for utterance zh1104M0008 is -9.97038 over 218 frames.
zh1104M0009 关掉 灯 
LOG (gmm-latgen-faster[5.3.76~1-26df3]:DecodeUtteranceLatticeFaster():decoder-wrappers.cc:286) Log-like per frame for utterance zh1104M0009 is -9.27575 over 180 frames.
LOG (gmm-latgen-faster[5.3.76~1-26df3]:main():gmm-latgen-faster.cc:176) Time taken 2.26554s: real-time factor assuming 100 frames/sec is 0.0826841
LOG (gmm-latgen-faster[5.3.76~1-26df3]:main():gmm-latgen-faster.cc:179) Done 9 utterances, failed for 0
LOG (gmm-latgen-faster[5.3.76~1-26df3]:main():gmm-latgen-faster.cc:181) Overall log-likelihood per frame is -10.0166 over 2740 frames.
# Accounting: time=2 threads=1
# Ended (code 0) at Fri Mar 30 11:03:47 CST 2018, elapsed time 2 seconds
