# gunzip -c exp_FG/mono/decode/depth_stats_tmp.*.gz | steps/diagnostic/analyze_lattice_depth_stats.py exp_FG/mono/graph 
# Started at Fri Mar 30 11:01:44 CST 2018
#
The total amount of data analyzed assuming 100 frames per second is 0.1 hours
Overall, lattice depth (10,50,90-percentile)=(1,1,3) and mean=1.6
Nonsilence phones as a group account for 96.9% of frames, with lattice depth (10,50,90-percentile)=(1,1,3) and mean=1.6
Phone ao4_E accounts for 11.8% of frames, with lattice depth (10,50,90-percentile)=(1,1,5) and mean=2.1
Phone ang2_E accounts for 4.7% of frames, with lattice depth (10,50,90-percentile)=(1,2,3) and mean=1.9
Phone iang1_E accounts for 4.6% of frames, with lattice depth (10,50,90-percentile)=(1,4,5) and mean=3.9
Phone in2_I accounts for 4.6% of frames, with lattice depth (10,50,90-percentile)=(1,1,1) and mean=1.0
Phone iu2_I accounts for 4.4% of frames, with lattice depth (10,50,90-percentile)=(1,1,1) and mean=1.0
Phone h_B accounts for 4.0% of frames, with lattice depth (10,50,90-percentile)=(1,1,1) and mean=1.0
Phone ai3_E accounts for 3.8% of frames, with lattice depth (10,50,90-percentile)=(1,1,1) and mean=1.1
Phone iao2_E accounts for 3.4% of frames, with lattice depth (10,50,90-percentile)=(1,1,1) and mean=1.0
Phone sil accounts for 3.1% of frames, with lattice depth (10,50,90-percentile)=(1,2,3) and mean=2.0
Phone y_B accounts for 3.1% of frames, with lattice depth (10,50,90-percentile)=(1,1,1) and mean=1.1
Phone j_B accounts for 3.1% of frames, with lattice depth (10,50,90-percentile)=(1,2,3) and mean=1.7
Phone k_B accounts for 2.6% of frames, with lattice depth (10,50,90-percentile)=(1,2,2) and mean=1.7
Phone q_I accounts for 2.6% of frames, with lattice depth (10,50,90-percentile)=(1,1,2) and mean=1.1
Phone e2_I accounts for 2.5% of frames, with lattice depth (10,50,90-percentile)=(1,1,1) and mean=1.0
Phone g_B accounts for 2.4% of frames, with lattice depth (10,50,90-percentile)=(1,1,1) and mean=1.1
Phone ia1_I accounts for 2.2% of frames, with lattice depth (10,50,90-percentile)=(1,2,3) and mean=1.8
Phone ao3_E accounts for 2.0% of frames, with lattice depth (10,50,90-percentile)=(1,1,2) and mean=1.5
Phone x_B accounts for 2.0% of frames, with lattice depth (10,50,90-percentile)=(3,4,5) and mean=4.5
Phone a3_I accounts for 1.8% of frames, with lattice depth (10,50,90-percentile)=(1,1,2) and mean=1.3
Phone eng4_E accounts for 1.8% of frames, with lattice depth (10,50,90-percentile)=(1,1,2) and mean=1.3
Phone eng1_E accounts for 1.8% of frames, with lattice depth (10,50,90-percentile)=(1,1,2) and mean=1.2
Phone t_I accounts for 1.6% of frames, with lattice depth (10,50,90-percentile)=(1,1,2) and mean=1.5
Phone n_I accounts for 1.5% of frames, with lattice depth (10,50,90-percentile)=(1,1,1) and mean=1.0
Phone n_B accounts for 1.4% of frames, with lattice depth (10,50,90-percentile)=(1,1,1) and mean=1.0
Phone uan1_I accounts for 1.4% of frames, with lattice depth (10,50,90-percentile)=(1,2,3) and mean=1.6
Phone d_B accounts for 1.2% of frames, with lattice depth (10,50,90-percentile)=(1,1,2) and mean=1.4
Phone en2_E accounts for 1.2% of frames, with lattice depth (10,50,90-percentile)=(1,1,2) and mean=1.2
Phone ian2_E accounts for 1.2% of frames, with lattice depth (10,50,90-percentile)=(1,1,1) and mean=1.0
Phone b_B accounts for 1.1% of frames, with lattice depth (10,50,90-percentile)=(1,2,2) and mean=1.7
Phone i3_E accounts for 1.1% of frames, with lattice depth (10,50,90-percentile)=(1,2,2) and mean=1.6
Phone sh_B accounts for 0.9% of frames, with lattice depth (10,50,90-percentile)=(1,1,3) and mean=1.6
Phone ai1_I accounts for 0.9% of frames, with lattice depth (10,50,90-percentile)=(1,2,2) and mean=1.7
Phone ua1_I accounts for 0.9% of frames, with lattice depth (10,50,90-percentile)=(1,1,1) and mean=1.0
Phone uo1_E accounts for 0.9% of frames, with lattice depth (10,50,90-percentile)=(1,2,2) and mean=1.5
Phone i4_E accounts for 0.8% of frames, with lattice depth (10,50,90-percentile)=(1,1,1) and mean=1.1
Phone u3_E accounts for 0.8% of frames, with lattice depth (10,50,90-percentile)=(1,1,1) and mean=1.0
Phone f_B accounts for 0.8% of frames, with lattice depth (10,50,90-percentile)=(1,1,1) and mean=1.0
Phone ao2_E accounts for 0.8% of frames, with lattice depth (10,50,90-percentile)=(1,1,1) and mean=1.0
Phone iao4_E accounts for 0.8% of frames, with lattice depth (10,50,90-percentile)=(1,1,2) and mean=1.2
Phone z_I accounts for 0.7% of frames, with lattice depth (10,50,90-percentile)=(1,1,1) and mean=1.0
Phone d_I accounts for 0.7% of frames, with lattice depth (10,50,90-percentile)=(1,1,2) and mean=1.3
Phone a2_I accounts for 0.7% of frames, with lattice depth (10,50,90-percentile)=(1,1,1) and mean=1.0
Phone b_I accounts for 0.6% of frames, with lattice depth (10,50,90-percentile)=(1,1,2) and mean=1.2
Phone ch_B accounts for 0.6% of frames, with lattice depth (10,50,90-percentile)=(1,1,1) and mean=1.0
Phone ei1_I accounts for 0.6% of frames, with lattice depth (10,50,90-percentile)=(1,1,1) and mean=1.0
Phone ong2_I accounts for 0.6% of frames, with lattice depth (10,50,90-percentile)=(1,1,1) and mean=1.0
Phone sh_I accounts for 0.6% of frames, with lattice depth (10,50,90-percentile)=(1,1,1) and mean=1.0
Phone uang1_I accounts for 0.6% of frames, with lattice depth (10,50,90-percentile)=(1,1,1) and mean=1.0
Phone yi1_S accounts for 0.6% of frames, with lattice depth (10,50,90-percentile)=(4,5,5) and mean=4.5
# Accounting: time=0 threads=1
# Ended (code 0) at Fri Mar 30 11:01:44 CST 2018, elapsed time 0 seconds
