# gmm-latgen-faster --max-active=7000 --beam=13.0 --lattice-beam=6.0 --acoustic-scale=0.083333 --allow-partial=true --word-symbol-table=exp_FG/mono/graph/words.txt exp_FG/mono/final.mdl exp_FG/mono/graph/HCLG.fst "ark,s,cs:apply-cmvn  --utt2spk=ark:data/test/split18/2/utt2spk scp:data/test/split18/2/cmvn.scp scp:data/test/split18/2/feats.scp ark:- | add-deltas  ark:- ark:- |" "ark:|gzip -c > exp_FG/mono/decode/lat.2.gz" 
# Started at Fri Mar 30 11:01:28 CST 2018
#
gmm-latgen-faster --max-active=7000 --beam=13.0 --lattice-beam=6.0 --acoustic-scale=0.083333 --allow-partial=true --word-symbol-table=exp_FG/mono/graph/words.txt exp_FG/mono/final.mdl exp_FG/mono/graph/HCLG.fst 'ark,s,cs:apply-cmvn  --utt2spk=ark:data/test/split18/2/utt2spk scp:data/test/split18/2/cmvn.scp scp:data/test/split18/2/feats.scp ark:- | add-deltas  ark:- ark:- |' 'ark:|gzip -c > exp_FG/mono/decode/lat.2.gz' 
add-deltas ark:- ark:- 
apply-cmvn --utt2spk=ark:data/test/split18/2/utt2spk scp:data/test/split18/2/cmvn.scp scp:data/test/split18/2/feats.scp ark:- 
zh1102M0001 要 五 箱 银桥 核桃 牛奶 多 加糖 
LOG (gmm-latgen-faster[5.3.76~1-26df3]:DecodeUtteranceLatticeFaster():decoder-wrappers.cc:286) Log-like per frame for utterance zh1102M0001 is -8.06223 over 324 frames.
LOG (apply-cmvn[5.3.76~1-26df3]:main():apply-cmvn.cc:162) Applied cepstral mean normalization to 9 utterances, errors on 0
zh1102M0002 要 一 箱 银桥 花生 牛奶 少 加糖 
LOG (gmm-latgen-faster[5.3.76~1-26df3]:DecodeUtteranceLatticeFaster():decoder-wrappers.cc:286) Log-like per frame for utterance zh1102M0002 is -8.26663 over 343 frames.
zh1102M0003 要 一 箱 银桥 红枣 牛奶 不 加糖 
LOG (gmm-latgen-faster[5.3.76~1-26df3]:DecodeUtteranceLatticeFaster():decoder-wrappers.cc:286) Log-like per frame for utterance zh1102M0003 is -8.30618 over 381 frames.
zh1102M0004 要 二 箱 银桥 黑谷 牛奶 少 加糖 
LOG (gmm-latgen-faster[5.3.76~1-26df3]:DecodeUtteranceLatticeFaster():decoder-wrappers.cc:286) Log-like per frame for utterance zh1102M0004 is -8.2821 over 343 frames.
zh1102M0005 要 二 箱 银桥 核桃 牛奶 少 加糖 
LOG (gmm-latgen-faster[5.3.76~1-26df3]:DecodeUtteranceLatticeFaster():decoder-wrappers.cc:286) Log-like per frame for utterance zh1102M0005 is -7.98085 over 400 frames.
zh1102M0006 开启 泵 要 
LOG (gmm-latgen-faster[5.3.76~1-26df3]:DecodeUtteranceLatticeFaster():decoder-wrappers.cc:286) Log-like per frame for utterance zh1102M0006 is -7.38531 over 228 frames.
zh1102M0007 关闭 阀门 要 
LOG (gmm-latgen-faster[5.3.76~1-26df3]:DecodeUtteranceLatticeFaster():decoder-wrappers.cc:286) Log-like per frame for utterance zh1102M0007 is -7.4261 over 218 frames.
zh1102M0008 开启 窗帘 
LOG (gmm-latgen-faster[5.3.76~1-26df3]:DecodeUtteranceLatticeFaster():decoder-wrappers.cc:286) Log-like per frame for utterance zh1102M0008 is -7.2863 over 199 frames.
zh1102M0009 要 关掉 灯 
LOG (gmm-latgen-faster[5.3.76~1-26df3]:DecodeUtteranceLatticeFaster():decoder-wrappers.cc:286) Log-like per frame for utterance zh1102M0009 is -7.59356 over 180 frames.
LOG (gmm-latgen-faster[5.3.76~1-26df3]:main():gmm-latgen-faster.cc:176) Time taken 1.5384s: real-time factor assuming 100 frames/sec is 0.0588075
LOG (gmm-latgen-faster[5.3.76~1-26df3]:main():gmm-latgen-faster.cc:179) Done 9 utterances, failed for 0
LOG (gmm-latgen-faster[5.3.76~1-26df3]:main():gmm-latgen-faster.cc:181) Overall log-likelihood per frame is -7.93766 over 2616 frames.
# Accounting: time=2 threads=1
# Ended (code 0) at Fri Mar 30 11:01:30 CST 2018, elapsed time 2 seconds
